Open5GS daemon v2.6.6-9-ge108d62

10/13 08:37:10.173: [app] INFO: Configuration: '/home/mike/Project/open5gs/ogs_install/etc/open5gs/bsf.yaml' (../lib/app/ogs-init.c:126)
10/13 08:37:10.173: [app] INFO: File Logging: '/home/mike/Project/open5gs/ogs_install/var/log/open5gs/bsf.log' (../lib/app/ogs-init.c:129)
10/13 08:37:10.176: [sbi] INFO: NF Service [nbsf-management] (../lib/sbi/context.c:1438)
10/13 08:37:10.176: [sbi] INFO: nghttp2_server() [http://127.0.0.1]:9990 (../lib/sbi/nghttp2-server.c:395)
10/13 08:37:10.176: [app] INFO: BSF initialize...done (../src/bsf/app.c:31)
10/13 08:37:10.178: [sbi] INFO: [5f8c74f8-69de-41ee-94d0-255a7e54a6eb] NF registered [Heartbeat:10s] (../lib/sbi/nf-sm.c:214)
10/13 08:38:38.831: [app] INFO: Signal-NUM[28] received (Window changed) (../src/main.c:63)
10/13 08:38:38.938: [app] INFO: Signal-NUM[28] received (Window changed) (../src/main.c:63)
10/13 09:03:47.576: [app] INFO: Signal-NUM[28] received (Window changed) (../src/main.c:63)
10/13 09:05:26.524: [app] INFO: Signal-NUM[28] received (Window changed) (../src/main.c:63)
10/14 01:24:33.897: [sbi] WARNING: [5f8c74f8-69de-41ee-94d0-255a7e54a6eb] HTTP response error [404] (../lib/sbi/nf-sm.c:274)
10/14 01:24:33.897: [sbi] INFO: [5f8c74f8-69de-41ee-94d0-255a7e54a6eb] NF de-registered (../lib/sbi/nf-sm.c:240)
10/14 01:24:35.898: [sbi] WARNING: [5f8c74f8-69de-41ee-94d0-255a7e54a6eb] Retry to registration with NRF (../lib/sbi/nf-sm.c:402)
10/14 01:24:35.902: [sbi] INFO: [5f8c74f8-69de-41ee-94d0-255a7e54a6eb] NF registered [Heartbeat:10s] (../lib/sbi/nf-sm.c:214)
10/14 01:25:14.524: [app] INFO: SIGINT received (../src/main.c:53)
10/14 01:25:14.524: [app] INFO: Open5GS daemon terminating... (../src/main.c:226)
10/14 01:25:14.524: [sbi] INFO: [5f8c74f8-69de-41ee-94d0-255a7e54a6eb] NF de-registered (../lib/sbi/nf-sm.c:240)
10/14 01:25:14.599: [app] INFO: BSF terminate...done (../src/bsf/app.c:39)
Open5GS daemon v2.6.6-9-ge108d62

10/14 01:25:17.022: [app] INFO: Configuration: '/home/mike/Project/open5gs/ogs_install/etc/open5gs/bsf.yaml' (../lib/app/ogs-init.c:126)
10/14 01:25:17.022: [app] INFO: File Logging: '/home/mike/Project/open5gs/ogs_install/var/log/open5gs/bsf.log' (../lib/app/ogs-init.c:129)
10/14 01:25:17.025: [sbi] INFO: NF Service [nbsf-management] (../lib/sbi/context.c:1438)
10/14 01:25:17.025: [sbi] INFO: nghttp2_server() [http://127.0.0.1]:9990 (../lib/sbi/nghttp2-server.c:395)
10/14 01:25:17.025: [app] INFO: BSF initialize...done (../src/bsf/app.c:31)
10/14 01:25:17.048: [sbi] INFO: [34852254-6a6b-41ee-8778-4bbcd2b0b6bb] NF registered [Heartbeat:10s] (../lib/sbi/nf-sm.c:214)
