Open5GS daemon v2.6.6-9-ge108d62

10/13 07:44:01.948: [app] INFO: Configuration: '/home/mike/Project/open5gs/ogs_install/etc/open5gs/nrf.yaml' (../lib/app/ogs-init.c:126)
10/13 07:44:01.948: [app] INFO: File Logging: '/home/mike/Project/open5gs/ogs_install/var/log/open5gs/nrf.log' (../lib/app/ogs-init.c:129)
10/13 07:44:01.969: [sbi] INFO: nghttp2_server() [http://127.0.0.10]:7777 (../lib/sbi/nghttp2-server.c:395)
10/13 07:44:01.969: [sbi] INFO: nghttp2_server() [http://::1]:7777 (../lib/sbi/nghttp2-server.c:395)
10/13 07:44:01.969: [app] INFO: NRF initialize...done (../src/nrf/app.c:31)
10/13 07:44:24.721: [app] INFO: SIGINT received (../src/main.c:53)
10/13 07:44:24.721: [app] INFO: Open5GS daemon terminating... (../src/main.c:226)
10/13 07:44:24.724: [app] INFO: NRF terminate...done (../src/nrf/app.c:39)
Open5GS daemon v2.6.6-9-ge108d62

10/13 07:45:25.768: [app] INFO: Configuration: '/home/mike/Project/open5gs/ogs_install/etc/open5gs/nrf.yaml' (../lib/app/ogs-init.c:126)
10/13 07:45:25.768: [app] INFO: File Logging: '/home/mike/Project/open5gs/ogs_install/var/log/open5gs/nrf.log' (../lib/app/ogs-init.c:129)
10/13 07:45:25.770: [sbi] INFO: nghttp2_server() [http://127.0.0.10]:7777 (../lib/sbi/nghttp2-server.c:395)
10/13 07:45:25.770: [sbi] INFO: nghttp2_server() [http://::1]:7777 (../lib/sbi/nghttp2-server.c:395)
10/13 07:45:25.770: [app] INFO: NRF initialize...done (../src/nrf/app.c:31)
10/13 07:46:55.698: [app] INFO: SIGINT received (../src/main.c:53)
10/13 07:46:55.699: [app] INFO: Open5GS daemon terminating... (../src/main.c:226)
10/13 07:46:55.701: [app] INFO: NRF terminate...done (../src/nrf/app.c:39)
Open5GS daemon v2.6.6-9-ge108d62

10/13 07:52:38.777: [app] INFO: Configuration: '/home/mike/Project/open5gs/ogs_install/etc/open5gs/nrf.yaml' (../lib/app/ogs-init.c:126)
10/13 07:52:38.777: [app] INFO: File Logging: '/home/mike/Project/open5gs/ogs_install/var/log/open5gs/nrf.log' (../lib/app/ogs-init.c:129)
10/13 07:52:38.780: [sbi] INFO: nghttp2_server() [http://127.0.0.1]:7777 (../lib/sbi/nghttp2-server.c:395)
10/13 07:52:38.780: [sbi] INFO: nghttp2_server() [http://::1]:7777 (../lib/sbi/nghttp2-server.c:395)
10/13 07:52:38.780: [app] INFO: NRF initialize...done (../src/nrf/app.c:31)
10/13 07:55:08.806: [nrf] INFO: [80b14ef2-69d8-41ee-8699-b14540e0ab76] NF registered [Heartbeat:10s] (../src/nrf/nf-sm.c:190)
10/13 07:55:08.806: [nrf] INFO: [80b206f8-69d8-41ee-9a37-116fc205364b] Subscription created until 2023-10-14T07:55:08.806778-07:00 [validity_duration:86400] (../src/nrf/nnrf-handler.c:375)
10/13 07:55:08.807: [nrf] INFO: [80b21634-69d8-41ee-9a37-116fc205364b] Subscription created until 2023-10-14T07:55:08.807129-07:00 [validity_duration:86400] (../src/nrf/nnrf-handler.c:375)
10/13 07:55:08.807: [nrf] INFO: [80b2205c-69d8-41ee-9a37-116fc205364b] Subscription created until 2023-10-14T07:55:08.807387-07:00 [validity_duration:86400] (../src/nrf/nnrf-handler.c:375)
10/13 07:55:08.807: [nrf] INFO: [80b228d6-69d8-41ee-9a37-116fc205364b] Subscription created until 2023-10-14T07:55:08.807604-07:00 [validity_duration:86400] (../src/nrf/nnrf-handler.c:375)
10/13 07:55:08.807: [nrf] INFO: [80b2313c-69d8-41ee-9a37-116fc205364b] Subscription created until 2023-10-14T07:55:08.807819-07:00 [validity_duration:86400] (../src/nrf/nnrf-handler.c:375)
10/13 07:55:08.808: [nrf] INFO: [80b23a6a-69d8-41ee-9a37-116fc205364b] Subscription created until 2023-10-14T07:55:08.808055-07:00 [validity_duration:86400] (../src/nrf/nnrf-handler.c:375)
10/13 07:59:09.159: [nrf] INFO: [0fdc78ae-69d9-41ee-acb9-5f19e6a78320] NF registered [Heartbeat:10s] (../src/nrf/nf-sm.c:190)
10/13 07:59:09.160: [sbi] WARNING: [7] Failed to connect to 127.0.1.10 port 7777: Connection refused (../lib/sbi/client.c:626)
10/13 07:59:09.160: [nrf] WARNING: client_notify_cb() failed [-1] (../src/nrf/sbi-path.c:29)
10/13 07:59:09.161: [nrf] INFO: [0ff53db2-69d9-41ee-9a37-116fc205364b] Subscription created until 2023-10-14T07:59:09.161450-07:00 [validity_duration:86400] (../src/nrf/nnrf-handler.c:375)
10/13 07:59:09.161: [nrf] INFO: [0ff54df2-69d9-41ee-9a37-116fc205364b] Subscription created until 2023-10-14T07:59:09.161838-07:00 [validity_duration:86400] (../src/nrf/nnrf-handler.c:375)
10/13 07:59:09.162: [nrf] INFO: [0ff55c5c-69d9-41ee-9a37-116fc205364b] Subscription created until 2023-10-14T07:59:09.162206-07:00 [validity_duration:86400] (../src/nrf/nnrf-handler.c:375)
10/13 07:59:09.162: [nrf] INFO: [0ff569d6-69d9-41ee-9a37-116fc205364b] Subscription created until 2023-10-14T07:59:09.162551-07:00 [validity_duration:86400] (../src/nrf/nnrf-handler.c:375)
10/13 07:59:34.436: [nrf] INFO: [80b14ef2-69d8-41ee-8699-b14540e0ab76] NF de-registered (../src/nrf/nf-sm.c:205)
10/13 07:59:34.437: [sbi] WARNING: [7] Failed to connect to 127.0.1.10 port 7777: Connection refused (../lib/sbi/client.c:626)
10/13 07:59:34.437: [nrf] WARNING: client_notify_cb() failed [-1] (../src/nrf/sbi-path.c:29)
10/13 07:59:34.437: [sbi] INFO: RST_STREAM received: stream_id=67 (../lib/sbi/nghttp2-server.c:1186)
10/13 08:00:20.391: [nrf] INFO: [3a69985e-69d9-41ee-bafb-99b0e9e8ed0b] NF registered [Heartbeat:10s] (../src/nrf/nf-sm.c:190)
10/13 08:00:20.392: [sbi] WARNING: [7] Failed to connect to 127.0.1.10 port 7777: Connection refused (../lib/sbi/client.c:626)
10/13 08:00:20.392: [nrf] WARNING: client_notify_cb() failed [-1] (../src/nrf/sbi-path.c:29)
10/13 08:00:20.392: [nrf] INFO: [3a6a4948-69d9-41ee-9a37-116fc205364b] Subscription created until 2023-10-14T08:00:20.392798-07:00 [validity_duration:86400] (../src/nrf/nnrf-handler.c:375)
10/13 08:00:20.393: [nrf] INFO: [3a6a5636-69d9-41ee-9a37-116fc205364b] Subscription created until 2023-10-14T08:00:20.393126-07:00 [validity_duration:86400] (../src/nrf/nnrf-handler.c:375)
10/13 08:00:20.393: [nrf] INFO: [3a6a61b2-69d9-41ee-9a37-116fc205364b] Subscription created until 2023-10-14T08:00:20.393419-07:00 [validity_duration:86400] (../src/nrf/nnrf-handler.c:375)
10/13 08:00:20.393: [nrf] INFO: [3a6a6c3e-69d9-41ee-9a37-116fc205364b] Subscription created until 2023-10-14T08:00:20.393690-07:00 [validity_duration:86400] (../src/nrf/nnrf-handler.c:375)
10/13 08:00:20.393: [nrf] INFO: [3a6a76f2-69d9-41ee-9a37-116fc205364b] Subscription created until 2023-10-14T08:00:20.393963-07:00 [validity_duration:86400] (../src/nrf/nnrf-handler.c:375)
10/13 08:00:20.394: [nrf] INFO: [3a6a8192-69d9-41ee-9a37-116fc205364b] Subscription created until 2023-10-14T08:00:20.394236-07:00 [validity_duration:86400] (../src/nrf/nnrf-handler.c:375)
10/13 08:00:33.286: [app] INFO: SIGINT received (../src/main.c:53)
10/13 08:00:33.286: [app] INFO: Open5GS daemon terminating... (../src/main.c:226)
10/13 08:00:33.287: [nrf] INFO: [0fdc78ae-69d9-41ee-acb9-5f19e6a78320] NF de-registered (../src/nrf/nf-sm.c:205)
10/13 08:00:33.288: [nrf] INFO: [3a69985e-69d9-41ee-bafb-99b0e9e8ed0b] NF de-registered (../src/nrf/nf-sm.c:205)
10/13 08:00:33.289: [app] INFO: NRF terminate...done (../src/nrf/app.c:39)
Open5GS daemon v2.6.6-9-ge108d62

10/13 08:00:34.781: [app] INFO: Configuration: '/home/mike/Project/open5gs/ogs_install/etc/open5gs/nrf.yaml' (../lib/app/ogs-init.c:126)
10/13 08:00:34.781: [app] INFO: File Logging: '/home/mike/Project/open5gs/ogs_install/var/log/open5gs/nrf.log' (../lib/app/ogs-init.c:129)
10/13 08:00:34.785: [sbi] INFO: nghttp2_server() [http://127.0.0.1]:7777 (../lib/sbi/nghttp2-server.c:395)
10/13 08:00:34.785: [sbi] INFO: nghttp2_server() [http://::1]:7777 (../lib/sbi/nghttp2-server.c:395)
10/13 08:00:34.785: [app] INFO: NRF initialize...done (../src/nrf/app.c:31)
10/13 08:00:39.207: [nrf] WARNING: Not found [0fdc78ae-69d9-41ee-acb9-5f19e6a78320] (../src/nrf/nrf-sm.c:143)
10/13 08:00:39.978: [nrf] WARNING: Not found [3a69985e-69d9-41ee-bafb-99b0e9e8ed0b] (../src/nrf/nrf-sm.c:143)
10/13 08:00:39.979: [sbi] INFO: RST_STREAM received: stream_id=1 (../lib/sbi/nghttp2-server.c:1186)
10/13 08:00:41.223: [nrf] INFO: [46d4391e-69d9-41ee-b9e3-7747e31ccd77] NF registered [Heartbeat:10s] (../src/nrf/nf-sm.c:190)
10/13 08:00:41.224: [nrf] INFO: [46d4f03e-69d9-41ee-be7b-9d61d265907e] Subscription created until 2023-10-14T08:00:41.224455-07:00 [validity_duration:86400] (../src/nrf/nnrf-handler.c:375)
10/13 08:00:41.224: [nrf] INFO: [46d4f64c-69d9-41ee-be7b-9d61d265907e] Subscription created until 2023-10-14T08:00:41.224564-07:00 [validity_duration:86400] (../src/nrf/nnrf-handler.c:375)
10/13 08:00:41.224: [nrf] INFO: [46d4f9da-69d9-41ee-be7b-9d61d265907e] Subscription created until 2023-10-14T08:00:41.224654-07:00 [validity_duration:86400] (../src/nrf/nnrf-handler.c:375)
10/13 08:00:41.224: [nrf] INFO: [46d4fcb4-69d9-41ee-be7b-9d61d265907e] Subscription created until 2023-10-14T08:00:41.224727-07:00 [validity_duration:86400] (../src/nrf/nnrf-handler.c:375)
10/13 08:00:41.224: [nrf] INFO: [46d50290-69d9-41ee-be7b-9d61d265907e] Subscription created until 2023-10-14T08:00:41.224877-07:00 [validity_duration:86400] (../src/nrf/nnrf-handler.c:375)
10/13 08:00:41.224: [nrf] INFO: [46d504ac-69d9-41ee-be7b-9d61d265907e] Subscription created until 2023-10-14T08:00:41.224931-07:00 [validity_duration:86400] (../src/nrf/nnrf-handler.c:375)
10/13 08:00:41.235: [nrf] INFO: [0fdc78ae-69d9-41ee-acb9-5f19e6a78320] NF registered [Heartbeat:10s] (../src/nrf/nf-sm.c:190)
10/13 08:00:41.235: [sbi] WARNING: [7] Failed to connect to 127.0.1.10 port 7777: Connection refused (../lib/sbi/client.c:626)
10/13 08:00:41.235: [nrf] WARNING: client_notify_cb() failed [-1] (../src/nrf/sbi-path.c:29)
10/13 08:00:41.235: [nrf] INFO: [46d6ae24-69d9-41ee-be7b-9d61d265907e] Subscription created until 2023-10-14T08:00:41.235841-07:00 [validity_duration:86400] (../src/nrf/nnrf-handler.c:375)
10/13 08:00:41.235: [nrf] INFO: [46d6b18a-69d9-41ee-be7b-9d61d265907e] Subscription created until 2023-10-14T08:00:41.235909-07:00 [validity_duration:86400] (../src/nrf/nnrf-handler.c:375)
10/13 08:00:41.235: [nrf] INFO: [46d6b388-69d9-41ee-be7b-9d61d265907e] Subscription created until 2023-10-14T08:00:41.235960-07:00 [validity_duration:86400] (../src/nrf/nnrf-handler.c:375)
10/13 08:00:41.236: [nrf] INFO: [46d6b5a4-69d9-41ee-be7b-9d61d265907e] Subscription created until 2023-10-14T08:00:41.236014-07:00 [validity_duration:86400] (../src/nrf/nnrf-handler.c:375)
10/13 08:00:51.566: [nrf] INFO: [0fdc78ae-69d9-41ee-acb9-5f19e6a78320] NF de-registered (../src/nrf/nf-sm.c:205)
10/13 08:00:51.567: [sbi] WARNING: [7] Failed to connect to 127.0.1.10 port 7777: Connection refused (../lib/sbi/client.c:626)
10/13 08:00:51.567: [nrf] WARNING: client_notify_cb() failed [-1] (../src/nrf/sbi-path.c:29)
10/13 08:00:51.687: [sbi] INFO: RST_STREAM received: stream_id=15 (../lib/sbi/nghttp2-server.c:1186)
10/13 08:01:00.644: [app] INFO: SIGINT received (../src/main.c:53)
10/13 08:01:00.644: [app] INFO: Open5GS daemon terminating... (../src/main.c:226)
10/13 08:01:00.646: [nrf] INFO: [46d4391e-69d9-41ee-b9e3-7747e31ccd77] NF de-registered (../src/nrf/nf-sm.c:205)
10/13 08:01:00.646: [app] INFO: NRF terminate...done (../src/nrf/app.c:39)
Open5GS daemon v2.6.6-9-ge108d62

10/13 08:01:06.158: [app] INFO: Configuration: '/home/mike/Project/open5gs/ogs_install/etc/open5gs/nrf.yaml' (../lib/app/ogs-init.c:126)
10/13 08:01:06.158: [app] INFO: File Logging: '/home/mike/Project/open5gs/ogs_install/var/log/open5gs/nrf.log' (../lib/app/ogs-init.c:129)
10/13 08:01:06.162: [sbi] INFO: nghttp2_server() [http://127.0.0.1]:7777 (../lib/sbi/nghttp2-server.c:395)
10/13 08:01:06.162: [sbi] INFO: nghttp2_server() [http://::1]:7777 (../lib/sbi/nghttp2-server.c:395)
10/13 08:01:06.162: [app] INFO: NRF initialize...done (../src/nrf/app.c:31)
10/13 08:01:10.024: [nrf] INFO: [57fee59a-69d9-41ee-83ac-09c37d99e9c5] NF registered [Heartbeat:10s] (../src/nrf/nf-sm.c:190)
10/13 08:01:10.024: [nrf] INFO: [57ff8af4-69d9-41ee-8c5d-53a354c9c92c] Subscription created until 2023-10-14T08:01:10.024920-07:00 [validity_duration:86400] (../src/nrf/nnrf-handler.c:375)
10/13 08:01:10.025: [nrf] INFO: [57ff9512-69d9-41ee-8c5d-53a354c9c92c] Subscription created until 2023-10-14T08:01:10.025148-07:00 [validity_duration:86400] (../src/nrf/nnrf-handler.c:375)
10/13 08:01:10.025: [nrf] INFO: [57ff9878-69d9-41ee-8c5d-53a354c9c92c] Subscription created until 2023-10-14T08:01:10.025233-07:00 [validity_duration:86400] (../src/nrf/nnrf-handler.c:375)
10/13 08:01:10.025: [nrf] INFO: [57ff9bf2-69d9-41ee-8c5d-53a354c9c92c] Subscription created until 2023-10-14T08:01:10.025322-07:00 [validity_duration:86400] (../src/nrf/nnrf-handler.c:375)
10/13 08:01:10.025: [nrf] INFO: [57ff9ee0-69d9-41ee-8c5d-53a354c9c92c] Subscription created until 2023-10-14T08:01:10.025397-07:00 [validity_duration:86400] (../src/nrf/nnrf-handler.c:375)
10/13 08:01:10.025: [nrf] INFO: [57ffa6b0-69d9-41ee-8c5d-53a354c9c92c] Subscription created until 2023-10-14T08:01:10.025597-07:00 [validity_duration:86400] (../src/nrf/nnrf-handler.c:375)
10/13 08:01:24.653: [nrf] INFO: [60ab6c90-69d9-41ee-83e8-9d1e31bf0bbb] NF registered [Heartbeat:10s] (../src/nrf/nf-sm.c:190)
10/13 08:01:24.653: [sbi] WARNING: [7] Failed to connect to 127.0.1.10 port 7777: Connection refused (../lib/sbi/client.c:626)
10/13 08:01:24.653: [nrf] WARNING: client_notify_cb() failed [-1] (../src/nrf/sbi-path.c:29)
10/13 08:01:24.653: [nrf] INFO: [60b7c01c-69d9-41ee-8c5d-53a354c9c92c] Subscription created until 2023-10-14T08:01:24.653901-07:00 [validity_duration:86400] (../src/nrf/nnrf-handler.c:375)
10/13 08:01:24.654: [nrf] INFO: [60b7c684-69d9-41ee-8c5d-53a354c9c92c] Subscription created until 2023-10-14T08:01:24.654046-07:00 [validity_duration:86400] (../src/nrf/nnrf-handler.c:375)
10/13 08:01:24.654: [nrf] INFO: [60b7cb2a-69d9-41ee-8c5d-53a354c9c92c] Subscription created until 2023-10-14T08:01:24.654166-07:00 [validity_duration:86400] (../src/nrf/nnrf-handler.c:375)
10/13 08:01:24.654: [nrf] INFO: [60b7ccce-69d9-41ee-8c5d-53a354c9c92c] Subscription created until 2023-10-14T08:01:24.654207-07:00 [validity_duration:86400] (../src/nrf/nnrf-handler.c:375)
10/13 08:02:05.762: [app] INFO: SIGINT received (../src/main.c:53)
10/13 08:02:05.762: [app] INFO: Open5GS daemon terminating... (../src/main.c:226)
10/13 08:02:05.763: [nrf] INFO: [57fee59a-69d9-41ee-83ac-09c37d99e9c5] NF de-registered (../src/nrf/nf-sm.c:205)
10/13 08:02:05.764: [nrf] INFO: [60ab6c90-69d9-41ee-83e8-9d1e31bf0bbb] NF de-registered (../src/nrf/nf-sm.c:205)
10/13 08:02:05.764: [app] INFO: NRF terminate...done (../src/nrf/app.c:39)
Open5GS daemon v2.6.6-9-ge108d62

10/13 08:04:01.168: [app] INFO: Configuration: '/home/mike/Project/open5gs/ogs_install/etc/open5gs/nrf.yaml' (../lib/app/ogs-init.c:126)
10/13 08:04:01.168: [app] INFO: File Logging: '/home/mike/Project/open5gs/ogs_install/var/log/open5gs/nrf.log' (../lib/app/ogs-init.c:129)
10/13 08:04:01.170: [sbi] INFO: nghttp2_server() [http://127.0.0.1]:7777 (../lib/sbi/nghttp2-server.c:395)
10/13 08:04:01.170: [app] INFO: NRF initialize...done (../src/nrf/app.c:31)
10/13 08:04:07.260: [nrf] INFO: [c1a2eb2c-69d9-41ee-9949-39a6eec4f0f5] NF registered [Heartbeat:10s] (../src/nrf/nf-sm.c:190)
10/13 08:04:07.261: [nrf] INFO: [c1a3a27e-69d9-41ee-98d1-a13f32f1ab88] Subscription created until 2023-10-14T08:04:07.261089-07:00 [validity_duration:86400] (../src/nrf/nnrf-handler.c:375)
10/13 08:04:07.261: [nrf] INFO: [c1a3a9c2-69d9-41ee-98d1-a13f32f1ab88] Subscription created until 2023-10-14T08:04:07.261236-07:00 [validity_duration:86400] (../src/nrf/nnrf-handler.c:375)
10/13 08:04:07.261: [nrf] INFO: [c1a3ad32-69d9-41ee-98d1-a13f32f1ab88] Subscription created until 2023-10-14T08:04:07.261323-07:00 [validity_duration:86400] (../src/nrf/nnrf-handler.c:375)
10/13 08:04:07.261: [nrf] INFO: [c1a3b020-69d9-41ee-98d1-a13f32f1ab88] Subscription created until 2023-10-14T08:04:07.261397-07:00 [validity_duration:86400] (../src/nrf/nnrf-handler.c:375)
10/13 08:04:07.261: [nrf] INFO: [c1a3b61a-69d9-41ee-98d1-a13f32f1ab88] Subscription created until 2023-10-14T08:04:07.261551-07:00 [validity_duration:86400] (../src/nrf/nnrf-handler.c:375)
10/13 08:04:07.261: [nrf] INFO: [c1a3b840-69d9-41ee-98d1-a13f32f1ab88] Subscription created until 2023-10-14T08:04:07.261604-07:00 [validity_duration:86400] (../src/nrf/nnrf-handler.c:375)
10/13 08:04:57.946: [nrf] INFO: [dfd16808-69d9-41ee-9410-39ab163c74d0] NF registered [Heartbeat:10s] (../src/nrf/nf-sm.c:190)
10/13 08:04:57.946: [sbi] WARNING: [7] Failed to connect to 127.0.1.10 port 7777: Connection refused (../lib/sbi/client.c:626)
10/13 08:04:57.946: [nrf] WARNING: client_notify_cb() failed [-1] (../src/nrf/sbi-path.c:29)
10/13 08:04:57.947: [nrf] INFO: [dfd9bd00-69d9-41ee-98d1-a13f32f1ab88] Subscription created until 2023-10-14T08:04:57.947287-07:00 [validity_duration:86400] (../src/nrf/nnrf-handler.c:375)
10/13 08:04:57.947: [nrf] INFO: [dfd9c002-69d9-41ee-98d1-a13f32f1ab88] Subscription created until 2023-10-14T08:04:57.947345-07:00 [validity_duration:86400] (../src/nrf/nnrf-handler.c:375)
10/13 08:04:57.947: [nrf] INFO: [dfd9c19c-69d9-41ee-98d1-a13f32f1ab88] Subscription created until 2023-10-14T08:04:57.947385-07:00 [validity_duration:86400] (../src/nrf/nnrf-handler.c:375)
10/13 08:04:57.947: [nrf] INFO: [dfd9c3b8-69d9-41ee-98d1-a13f32f1ab88] Subscription created until 2023-10-14T08:04:57.947440-07:00 [validity_duration:86400] (../src/nrf/nnrf-handler.c:375)
10/13 08:11:59.601: [nrf] INFO: [db2b0fc4-69da-41ee-9cf4-61398b41c17c] NF registered [Heartbeat:10s] (../src/nrf/nf-sm.c:190)
10/13 08:11:59.602: [sbi] WARNING: [7] Failed to connect to 127.0.1.10 port 7777: Connection refused (../lib/sbi/client.c:626)
10/13 08:11:59.602: [nrf] WARNING: client_notify_cb() failed [-1] (../src/nrf/sbi-path.c:29)
10/13 08:11:59.602: [sbi] WARNING: [7] Failed to connect to 127.0.1.10 port 7777: Connection refused (../lib/sbi/client.c:626)
10/13 08:11:59.602: [nrf] WARNING: client_notify_cb() failed [-1] (../src/nrf/sbi-path.c:29)
10/13 08:11:59.602: [sbi] WARNING: [7] Failed to connect to 127.0.1.10 port 7777: Connection refused (../lib/sbi/client.c:626)
10/13 08:11:59.602: [nrf] WARNING: client_notify_cb() failed [-1] (../src/nrf/sbi-path.c:29)
10/13 08:11:59.602: [sbi] WARNING: [7] Failed to connect to 127.0.1.10 port 7777: Connection refused (../lib/sbi/client.c:626)
10/13 08:11:59.602: [nrf] WARNING: client_notify_cb() failed [-1] (../src/nrf/sbi-path.c:29)
10/13 08:11:59.602: [nrf] INFO: [db2d37fe-69da-41ee-98d1-a13f32f1ab88] Subscription created until 2023-10-14T08:11:59.602512-07:00 [validity_duration:86400] (../src/nrf/nnrf-handler.c:375)
10/13 08:14:25.905: [nrf] INFO: [32612256-69db-41ee-9458-6f2a12b2e925] NF registered [Heartbeat:10s] (../src/nrf/nf-sm.c:190)
10/13 08:14:25.905: [sbi] WARNING: [7] Failed to connect to 127.0.1.10 port 7777: Connection refused (../lib/sbi/client.c:626)
10/13 08:14:25.905: [nrf] WARNING: client_notify_cb() failed [-1] (../src/nrf/sbi-path.c:29)
10/13 08:14:25.906: [nrf] INFO: [32616c52-69db-41ee-98d1-a13f32f1ab88] Subscription created until 2023-10-14T08:14:25.906429-07:00 [validity_duration:86400] (../src/nrf/nnrf-handler.c:375)
10/13 08:16:44.047: [nrf] INFO: [84b7ddf6-69db-41ee-8c05-0bb658422ef2] NF registered [Heartbeat:10s] (../src/nrf/nf-sm.c:190)
10/13 08:16:44.048: [sbi] WARNING: [7] Failed to connect to 127.0.1.10 port 7777: Connection refused (../lib/sbi/client.c:626)
10/13 08:16:44.048: [nrf] WARNING: client_notify_cb() failed [-1] (../src/nrf/sbi-path.c:29)
10/13 08:16:56.724: [nrf] INFO: [84b7ddf6-69db-41ee-8c05-0bb658422ef2] NF de-registered (../src/nrf/nf-sm.c:205)
10/13 08:16:56.725: [sbi] WARNING: [7] Failed to connect to 127.0.1.10 port 7777: Connection refused (../lib/sbi/client.c:626)
10/13 08:16:56.725: [nrf] WARNING: client_notify_cb() failed [-1] (../src/nrf/sbi-path.c:29)
10/13 08:16:56.726: [sbi] INFO: RST_STREAM received: stream_id=5 (../lib/sbi/nghttp2-server.c:1186)
10/13 08:16:58.045: [nrf] INFO: [8d0fd864-69db-41ee-827c-eb217d137c0f] NF registered [Heartbeat:10s] (../src/nrf/nf-sm.c:190)
10/13 08:16:58.045: [sbi] WARNING: [7] Failed to connect to 127.0.1.10 port 7777: Connection refused (../lib/sbi/client.c:626)
10/13 08:16:58.045: [nrf] WARNING: client_notify_cb() failed [-1] (../src/nrf/sbi-path.c:29)
10/13 08:18:44.327: [nrf] INFO: [cc6907d8-69db-41ee-85e1-27f440b4e388] NF registered [Heartbeat:10s] (../src/nrf/nf-sm.c:190)
10/13 08:18:44.327: [sbi] WARNING: [7] Failed to connect to 127.0.1.10 port 7777: Connection refused (../lib/sbi/client.c:626)
10/13 08:18:44.327: [nrf] WARNING: client_notify_cb() failed [-1] (../src/nrf/sbi-path.c:29)
10/13 08:18:44.327: [sbi] WARNING: [7] Failed to connect to 127.0.1.10 port 7777: Connection refused (../lib/sbi/client.c:626)
10/13 08:18:44.327: [nrf] WARNING: client_notify_cb() failed [-1] (../src/nrf/sbi-path.c:29)
10/13 08:18:44.328: [nrf] INFO: [cc6975b0-69db-41ee-98d1-a13f32f1ab88] Subscription created until 2023-10-14T08:18:44.328210-07:00 [validity_duration:86400] (../src/nrf/nnrf-handler.c:375)
10/13 08:18:44.328: [nrf] INFO: [cc69817c-69db-41ee-98d1-a13f32f1ab88] Subscription created until 2023-10-14T08:18:44.328492-07:00 [validity_duration:86400] (../src/nrf/nnrf-handler.c:375)
10/13 08:20:25.236: [nrf] INFO: [088e7fae-69dc-41ee-8ebc-77c0590e5c8b] NF registered [Heartbeat:10s] (../src/nrf/nf-sm.c:190)
10/13 08:20:25.237: [sbi] WARNING: [7] Failed to connect to 127.0.1.10 port 7777: Connection refused (../lib/sbi/client.c:626)
10/13 08:20:25.237: [nrf] WARNING: client_notify_cb() failed [-1] (../src/nrf/sbi-path.c:29)
10/13 08:20:25.237: [sbi] WARNING: [7] Failed to connect to 127.0.1.10 port 7777: Connection refused (../lib/sbi/client.c:626)
10/13 08:20:25.237: [nrf] WARNING: client_notify_cb() failed [-1] (../src/nrf/sbi-path.c:29)
10/13 08:24:07.371: [nrf] INFO: [8cf5d238-69dc-41ee-bc98-eba474a5d240] NF registered [Heartbeat:10s] (../src/nrf/nf-sm.c:190)
10/13 08:24:07.372: [nrf] INFO: [8cf62756-69dc-41ee-98d1-a13f32f1ab88] Subscription created until 2023-10-14T08:24:07.372794-07:00 [validity_duration:86400] (../src/nrf/nnrf-handler.c:375)
10/13 08:24:07.373: [nrf] INFO: [8cf636a6-69dc-41ee-98d1-a13f32f1ab88] Subscription created until 2023-10-14T08:24:07.373183-07:00 [validity_duration:86400] (../src/nrf/nnrf-handler.c:375)
10/13 08:24:07.373: [nrf] INFO: [8cf64560-69dc-41ee-98d1-a13f32f1ab88] Subscription created until 2023-10-14T08:24:07.373560-07:00 [validity_duration:86400] (../src/nrf/nnrf-handler.c:375)
10/13 08:24:07.373: [nrf] INFO: [8cf6538e-69dc-41ee-98d1-a13f32f1ab88] Subscription created until 2023-10-14T08:24:07.373930-07:00 [validity_duration:86400] (../src/nrf/nnrf-handler.c:375)
10/13 08:24:07.374: [nrf] INFO: [8cf661ee-69dc-41ee-98d1-a13f32f1ab88] Subscription created until 2023-10-14T08:24:07.374291-07:00 [validity_duration:86400] (../src/nrf/nnrf-handler.c:375)
10/13 08:24:07.374: [nrf] INFO: [8cf671a2-69dc-41ee-98d1-a13f32f1ab88] Subscription created until 2023-10-14T08:24:07.374693-07:00 [validity_duration:86400] (../src/nrf/nnrf-handler.c:375)
10/13 08:24:07.375: [nrf] INFO: [8cf67f62-69dc-41ee-98d1-a13f32f1ab88] Subscription created until 2023-10-14T08:24:07.375045-07:00 [validity_duration:86400] (../src/nrf/nnrf-handler.c:375)
10/13 08:24:07.375: [nrf] INFO: [8cf68de0-69dc-41ee-98d1-a13f32f1ab88] Subscription created until 2023-10-14T08:24:07.375416-07:00 [validity_duration:86400] (../src/nrf/nnrf-handler.c:375)
10/13 08:24:18.603: [app] INFO: SIGINT received (../src/main.c:53)
10/13 08:24:18.603: [app] INFO: Open5GS daemon terminating... (../src/main.c:226)
10/13 08:24:18.604: [nrf] INFO: [c1a2eb2c-69d9-41ee-9949-39a6eec4f0f5] NF de-registered (../src/nrf/nf-sm.c:205)
10/13 08:24:18.604: [nrf] INFO: [dfd16808-69d9-41ee-9410-39ab163c74d0] NF de-registered (../src/nrf/nf-sm.c:205)
10/13 08:24:18.605: [nrf] INFO: [db2b0fc4-69da-41ee-9cf4-61398b41c17c] NF de-registered (../src/nrf/nf-sm.c:205)
10/13 08:24:18.605: [nrf] INFO: [32612256-69db-41ee-9458-6f2a12b2e925] NF de-registered (../src/nrf/nf-sm.c:205)
10/13 08:24:18.605: [nrf] INFO: [8d0fd864-69db-41ee-827c-eb217d137c0f] NF de-registered (../src/nrf/nf-sm.c:205)
10/13 08:24:18.605: [nrf] INFO: [cc6907d8-69db-41ee-85e1-27f440b4e388] NF de-registered (../src/nrf/nf-sm.c:205)
10/13 08:24:18.605: [nrf] INFO: [088e7fae-69dc-41ee-8ebc-77c0590e5c8b] NF de-registered (../src/nrf/nf-sm.c:205)
10/13 08:24:18.605: [nrf] INFO: [8cf5d238-69dc-41ee-bc98-eba474a5d240] NF de-registered (../src/nrf/nf-sm.c:205)
10/13 08:24:18.606: [app] INFO: NRF terminate...done (../src/nrf/app.c:39)
Open5GS daemon v2.6.6-9-ge108d62

10/13 08:24:19.957: [app] INFO: Configuration: '/home/mike/Project/open5gs/ogs_install/etc/open5gs/nrf.yaml' (../lib/app/ogs-init.c:126)
10/13 08:24:19.957: [app] INFO: File Logging: '/home/mike/Project/open5gs/ogs_install/var/log/open5gs/nrf.log' (../lib/app/ogs-init.c:129)
10/13 08:24:19.962: [sbi] INFO: nghttp2_server() [http://127.0.0.1]:7778 (../lib/sbi/nghttp2-server.c:395)
10/13 08:24:19.962: [app] INFO: NRF initialize...done (../src/nrf/app.c:31)
10/13 08:25:22.611: [nrf] INFO: [b9ce7e7c-69dc-41ee-b599-0d5e7b1f6ab2] NF registered [Heartbeat:10s] (../src/nrf/nf-sm.c:190)
10/13 08:25:22.611: [nrf] INFO: [b9ceb950-69dc-41ee-aa2e-75a18b892361] Subscription created until 2023-10-14T08:25:22.611875-07:00 [validity_duration:86400] (../src/nrf/nnrf-handler.c:375)
10/13 08:25:22.612: [nrf] INFO: [b9cec418-69dc-41ee-aa2e-75a18b892361] Subscription created until 2023-10-14T08:25:22.612129-07:00 [validity_duration:86400] (../src/nrf/nnrf-handler.c:375)
10/13 08:25:22.612: [nrf] INFO: [b9ceccba-69dc-41ee-aa2e-75a18b892361] Subscription created until 2023-10-14T08:25:22.612350-07:00 [validity_duration:86400] (../src/nrf/nnrf-handler.c:375)
10/13 08:25:22.612: [nrf] INFO: [b9ced4d0-69dc-41ee-aa2e-75a18b892361] Subscription created until 2023-10-14T08:25:22.612558-07:00 [validity_duration:86400] (../src/nrf/nnrf-handler.c:375)
10/13 08:25:22.612: [nrf] INFO: [b9cedcc8-69dc-41ee-aa2e-75a18b892361] Subscription created until 2023-10-14T08:25:22.612761-07:00 [validity_duration:86400] (../src/nrf/nnrf-handler.c:375)
10/13 08:25:22.613: [nrf] INFO: [b9cee722-69dc-41ee-aa2e-75a18b892361] Subscription created until 2023-10-14T08:25:22.613026-07:00 [validity_duration:86400] (../src/nrf/nnrf-handler.c:375)
10/13 08:25:22.613: [nrf] INFO: [b9ceef4c-69dc-41ee-aa2e-75a18b892361] Subscription created until 2023-10-14T08:25:22.613236-07:00 [validity_duration:86400] (../src/nrf/nnrf-handler.c:375)
10/13 08:25:22.613: [nrf] INFO: [b9cef73a-69dc-41ee-aa2e-75a18b892361] Subscription created until 2023-10-14T08:25:22.613438-07:00 [validity_duration:86400] (../src/nrf/nnrf-handler.c:375)
10/13 08:26:47.503: [nrf] INFO: [b9ce7e7c-69dc-41ee-b599-0d5e7b1f6ab2] NF de-registered (../src/nrf/nf-sm.c:205)
10/13 08:26:47.504: [sbi] INFO: RST_STREAM received: stream_id=35 (../lib/sbi/nghttp2-server.c:1186)
10/13 08:26:58.937: [app] INFO: SIGINT received (../src/main.c:53)
10/13 08:26:58.937: [app] INFO: Open5GS daemon terminating... (../src/main.c:226)
10/13 08:26:58.939: [app] INFO: NRF terminate...done (../src/nrf/app.c:39)
Open5GS daemon v2.6.6-9-ge108d62

10/13 08:28:22.009: [app] INFO: Configuration: '/home/mike/Project/open5gs/ogs_install/etc/open5gs/nrf.yaml' (../lib/app/ogs-init.c:126)
10/13 08:28:22.009: [app] INFO: File Logging: '/home/mike/Project/open5gs/ogs_install/var/log/open5gs/nrf.log' (../lib/app/ogs-init.c:129)
10/13 08:28:22.011: [sbi] INFO: nghttp2_server() [http://127.0.0.1]:7778 (../lib/sbi/nghttp2-server.c:395)
10/13 08:28:22.011: [app] INFO: NRF initialize...done (../src/nrf/app.c:31)
10/13 08:28:32.191: [nrf] INFO: [2ace0c50-69dd-41ee-8fcd-292e96fba6e4] NF registered [Heartbeat:10s] (../src/nrf/nf-sm.c:190)
10/13 08:28:32.191: [nrf] INFO: [2ace58d6-69dd-41ee-9bf6-1b2d555c61cf] Subscription created until 2023-10-14T08:28:32.191957-07:00 [validity_duration:86400] (../src/nrf/nnrf-handler.c:375)
10/13 08:28:32.192: [nrf] INFO: [2ace689e-69dd-41ee-9bf6-1b2d555c61cf] Subscription created until 2023-10-14T08:28:32.192332-07:00 [validity_duration:86400] (../src/nrf/nnrf-handler.c:375)
10/13 08:28:32.192: [nrf] INFO: [2ace7550-69dd-41ee-9bf6-1b2d555c61cf] Subscription created until 2023-10-14T08:28:32.192656-07:00 [validity_duration:86400] (../src/nrf/nnrf-handler.c:375)
10/13 08:28:32.192: [nrf] INFO: [2ace81c6-69dd-41ee-9bf6-1b2d555c61cf] Subscription created until 2023-10-14T08:28:32.192975-07:00 [validity_duration:86400] (../src/nrf/nnrf-handler.c:375)
10/13 08:28:32.193: [nrf] INFO: [2ace8dc4-69dd-41ee-9bf6-1b2d555c61cf] Subscription created until 2023-10-14T08:28:32.193281-07:00 [validity_duration:86400] (../src/nrf/nnrf-handler.c:375)
10/13 08:28:32.193: [nrf] INFO: [2ace99a4-69dd-41ee-9bf6-1b2d555c61cf] Subscription created until 2023-10-14T08:28:32.193585-07:00 [validity_duration:86400] (../src/nrf/nnrf-handler.c:375)
10/13 08:28:32.194: [nrf] INFO: [2aceaa70-69dd-41ee-9bf6-1b2d555c61cf] Subscription created until 2023-10-14T08:28:32.194016-07:00 [validity_duration:86400] (../src/nrf/nnrf-handler.c:375)
10/13 08:28:32.194: [nrf] INFO: [2acebec0-69dd-41ee-9bf6-1b2d555c61cf] Subscription created until 2023-10-14T08:28:32.194536-07:00 [validity_duration:86400] (../src/nrf/nnrf-handler.c:375)
10/13 08:29:54.282: [app] INFO: SIGINT received (../src/main.c:53)
10/13 08:29:54.282: [app] INFO: Open5GS daemon terminating... (../src/main.c:226)
10/13 08:29:54.284: [nrf] INFO: [2ace0c50-69dd-41ee-8fcd-292e96fba6e4] NF de-registered (../src/nrf/nf-sm.c:205)
10/13 08:29:54.285: [app] INFO: NRF terminate...done (../src/nrf/app.c:39)
Open5GS daemon v2.6.6-9-ge108d62

10/13 08:30:33.990: [app] INFO: Configuration: '/home/mike/Project/open5gs/ogs_install/etc/open5gs/nrf.yaml' (../lib/app/ogs-init.c:126)
10/13 08:30:33.990: [app] INFO: File Logging: '/home/mike/Project/open5gs/ogs_install/var/log/open5gs/nrf.log' (../lib/app/ogs-init.c:129)
10/13 08:30:33.993: [sbi] INFO: nghttp2_server() [http://127.0.0.1]:7777 (../lib/sbi/nghttp2-server.c:395)
10/13 08:30:33.993: [app] INFO: NRF initialize...done (../src/nrf/app.c:31)
10/13 08:30:43.361: [nrf] INFO: [78fca828-69dd-41ee-af39-df55ae4dfe9a] NF registered [Heartbeat:10s] (../src/nrf/nf-sm.c:190)
10/13 08:30:43.361: [nrf] INFO: [78fd4a94-69dd-41ee-aba1-05b9ac372a41] Subscription created until 2023-10-14T08:30:43.361902-07:00 [validity_duration:86400] (../src/nrf/nnrf-handler.c:375)
10/13 08:30:43.362: [nrf] INFO: [78fd571e-69dd-41ee-aba1-05b9ac372a41] Subscription created until 2023-10-14T08:30:43.362187-07:00 [validity_duration:86400] (../src/nrf/nnrf-handler.c:375)
10/13 08:30:43.362: [nrf] INFO: [78fd5aa2-69dd-41ee-aba1-05b9ac372a41] Subscription created until 2023-10-14T08:30:43.362275-07:00 [validity_duration:86400] (../src/nrf/nnrf-handler.c:375)
10/13 08:30:43.362: [nrf] INFO: [78fd5db8-69dd-41ee-aba1-05b9ac372a41] Subscription created until 2023-10-14T08:30:43.362353-07:00 [validity_duration:86400] (../src/nrf/nnrf-handler.c:375)
10/13 08:30:43.362: [nrf] INFO: [78fd61fa-69dd-41ee-aba1-05b9ac372a41] Subscription created until 2023-10-14T08:30:43.362463-07:00 [validity_duration:86400] (../src/nrf/nnrf-handler.c:375)
10/13 08:30:43.362: [nrf] INFO: [78fd6510-69dd-41ee-aba1-05b9ac372a41] Subscription created until 2023-10-14T08:30:43.362540-07:00 [validity_duration:86400] (../src/nrf/nnrf-handler.c:375)
10/13 08:30:54.053: [nrf] INFO: [7f4ebc20-69dd-41ee-8717-eff0ace9ef8d] NF registered [Heartbeat:10s] (../src/nrf/nf-sm.c:190)
10/13 08:30:54.054: [nrf] ERROR: Invalid resource name [nf-status-notify] (../src/nrf/nrf-sm.c:200)
10/13 08:30:54.054: [nrf] WARNING: Subscription notification failed [400] (../src/nrf/sbi-path.c:46)
10/13 08:30:54.055: [nrf] INFO: [7f5cf240-69dd-41ee-aba1-05b9ac372a41] Subscription created until 2023-10-14T08:30:54.055095-07:00 [validity_duration:86400] (../src/nrf/nnrf-handler.c:375)
10/13 08:30:54.055: [nrf] INFO: [7f5cf574-69dd-41ee-aba1-05b9ac372a41] Subscription created until 2023-10-14T08:30:54.055158-07:00 [validity_duration:86400] (../src/nrf/nnrf-handler.c:375)
10/13 08:30:54.055: [nrf] INFO: [7f5cf718-69dd-41ee-aba1-05b9ac372a41] Subscription created until 2023-10-14T08:30:54.055200-07:00 [validity_duration:86400] (../src/nrf/nnrf-handler.c:375)
10/13 08:30:54.055: [nrf] INFO: [7f5cf880-69dd-41ee-aba1-05b9ac372a41] Subscription created until 2023-10-14T08:30:54.055235-07:00 [validity_duration:86400] (../src/nrf/nnrf-handler.c:375)
10/13 08:31:03.929: [nrf] INFO: [853f60da-69dd-41ee-ae16-a13e978b250d] NF registered [Heartbeat:10s] (../src/nrf/nf-sm.c:190)
10/13 08:31:03.929: [nrf] ERROR: Invalid resource name [nf-status-notify] (../src/nrf/nrf-sm.c:200)
10/13 08:31:03.929: [nrf] ERROR: Invalid resource name [nf-status-notify] (../src/nrf/nrf-sm.c:200)
10/13 08:31:03.929: [nrf] ERROR: Invalid resource name [nf-status-notify] (../src/nrf/nrf-sm.c:200)
10/13 08:31:03.930: [nrf] ERROR: Invalid resource name [nf-status-notify] (../src/nrf/nrf-sm.c:200)
10/13 08:31:03.930: [nrf] INFO: [853fc62e-69dd-41ee-aba1-05b9ac372a41] Subscription created until 2023-10-14T08:31:03.930248-07:00 [validity_duration:86400] (../src/nrf/nnrf-handler.c:375)
10/13 08:31:03.930: [nrf] WARNING: Subscription notification failed [400] (../src/nrf/sbi-path.c:46)
10/13 08:31:03.930: [nrf] WARNING: Subscription notification failed [400] (../src/nrf/sbi-path.c:46)
10/13 08:31:03.930: [nrf] WARNING: Subscription notification failed [400] (../src/nrf/sbi-path.c:46)
10/13 08:31:03.930: [nrf] WARNING: Subscription notification failed [400] (../src/nrf/sbi-path.c:46)
10/13 08:31:06.406: [nrf] INFO: [86b9723e-69dd-41ee-b4b7-93fa4da88770] NF registered [Heartbeat:10s] (../src/nrf/nf-sm.c:190)
10/13 08:31:06.406: [nrf] ERROR: Invalid resource name [nf-status-notify] (../src/nrf/nrf-sm.c:200)
10/13 08:31:06.406: [nrf] WARNING: Subscription notification failed [400] (../src/nrf/sbi-path.c:46)
10/13 08:31:06.406: [nrf] INFO: [86b9af24-69dd-41ee-aba1-05b9ac372a41] Subscription created until 2023-10-14T08:31:06.406914-07:00 [validity_duration:86400] (../src/nrf/nnrf-handler.c:375)
10/13 08:31:12.266: [nrf] INFO: [8a378a90-69dd-41ee-a454-c391fdcb5345] NF registered [Heartbeat:10s] (../src/nrf/nf-sm.c:190)
10/13 08:31:12.266: [nrf] ERROR: Invalid resource name [nf-status-notify] (../src/nrf/nrf-sm.c:200)
10/13 08:31:12.266: [nrf] WARNING: Subscription notification failed [400] (../src/nrf/sbi-path.c:46)
10/13 08:31:14.816: [nrf] INFO: [8bbc8794-69dd-41ee-8e08-856c8309c0b7] NF registered [Heartbeat:10s] (../src/nrf/nf-sm.c:190)
10/13 08:31:14.817: [nrf] ERROR: Invalid resource name [nf-status-notify] (../src/nrf/nrf-sm.c:200)
10/13 08:31:14.817: [nrf] ERROR: Invalid resource name [nf-status-notify] (../src/nrf/nrf-sm.c:200)
10/13 08:31:14.817: [nrf] WARNING: Subscription notification failed [400] (../src/nrf/sbi-path.c:46)
10/13 08:31:14.817: [nrf] WARNING: Subscription notification failed [400] (../src/nrf/sbi-path.c:46)
10/13 08:31:14.817: [nrf] INFO: [8bbd19fc-69dd-41ee-aba1-05b9ac372a41] Subscription created until 2023-10-14T08:31:14.817938-07:00 [validity_duration:86400] (../src/nrf/nnrf-handler.c:375)
10/13 08:31:14.818: [nrf] INFO: [8bbd2550-69dd-41ee-aba1-05b9ac372a41] Subscription created until 2023-10-14T08:31:14.818194-07:00 [validity_duration:86400] (../src/nrf/nnrf-handler.c:375)
10/13 08:31:21.311: [nrf] INFO: [8f9b9d8c-69dd-41ee-89bf-0de325163deb] NF registered [Heartbeat:10s] (../src/nrf/nf-sm.c:190)
10/13 08:31:21.311: [nrf] ERROR: Invalid resource name [nf-status-notify] (../src/nrf/nrf-sm.c:200)
10/13 08:31:21.312: [nrf] ERROR: Invalid resource name [nf-status-notify] (../src/nrf/nrf-sm.c:200)
10/13 08:31:21.312: [nrf] WARNING: Subscription notification failed [400] (../src/nrf/sbi-path.c:46)
10/13 08:31:21.312: [nrf] WARNING: Subscription notification failed [400] (../src/nrf/sbi-path.c:46)
10/13 08:32:21.437: [app] INFO: SIGINT received (../src/main.c:53)
10/13 08:32:21.437: [app] INFO: Open5GS daemon terminating... (../src/main.c:226)
10/13 08:32:21.438: [nrf] INFO: [78fca828-69dd-41ee-af39-df55ae4dfe9a] NF de-registered (../src/nrf/nf-sm.c:205)
10/13 08:32:21.438: [nrf] INFO: [7f4ebc20-69dd-41ee-8717-eff0ace9ef8d] NF de-registered (../src/nrf/nf-sm.c:205)
10/13 08:32:21.438: [nrf] INFO: [853f60da-69dd-41ee-ae16-a13e978b250d] NF de-registered (../src/nrf/nf-sm.c:205)
10/13 08:32:21.438: [nrf] INFO: [86b9723e-69dd-41ee-b4b7-93fa4da88770] NF de-registered (../src/nrf/nf-sm.c:205)
10/13 08:32:21.439: [nrf] INFO: [8a378a90-69dd-41ee-a454-c391fdcb5345] NF de-registered (../src/nrf/nf-sm.c:205)
10/13 08:32:21.439: [nrf] INFO: [8bbc8794-69dd-41ee-8e08-856c8309c0b7] NF de-registered (../src/nrf/nf-sm.c:205)
10/13 08:32:21.439: [nrf] INFO: [8f9b9d8c-69dd-41ee-89bf-0de325163deb] NF de-registered (../src/nrf/nf-sm.c:205)
10/13 08:32:21.439: [app] INFO: NRF terminate...done (../src/nrf/app.c:39)
Open5GS daemon v2.6.6-9-ge108d62

10/13 08:32:34.401: [app] INFO: Configuration: '/home/mike/Project/open5gs/ogs_install/etc/open5gs/nrf.yaml' (../lib/app/ogs-init.c:126)
10/13 08:32:34.401: [app] INFO: File Logging: '/home/mike/Project/open5gs/ogs_install/var/log/open5gs/nrf.log' (../lib/app/ogs-init.c:129)
10/13 08:32:34.404: [sbi] INFO: nghttp2_server() [http://127.0.0.1]:7777 (../lib/sbi/nghttp2-server.c:395)
10/13 08:32:34.404: [app] INFO: NRF initialize...done (../src/nrf/app.c:31)
10/13 08:32:35.467: [nrf] INFO: [78fca828-69dd-41ee-af39-df55ae4dfe9a] NF registered [Heartbeat:10s] (../src/nrf/nf-sm.c:190)
10/13 08:32:35.468: [nrf] INFO: [bbcf56d2-69dd-41ee-8aad-875a6f522758] Subscription created until 2023-10-14T08:32:35.468087-07:00 [validity_duration:86400] (../src/nrf/nnrf-handler.c:375)
10/13 08:32:35.468: [nrf] INFO: [bbcf5b3c-69dd-41ee-8aad-875a6f522758] Subscription created until 2023-10-14T08:32:35.468171-07:00 [validity_duration:86400] (../src/nrf/nnrf-handler.c:375)
10/13 08:32:35.468: [nrf] INFO: [bbcf5d76-69dd-41ee-8aad-875a6f522758] Subscription created until 2023-10-14T08:32:35.468227-07:00 [validity_duration:86400] (../src/nrf/nnrf-handler.c:375)
10/13 08:32:35.468: [nrf] INFO: [bbcf5f7e-69dd-41ee-8aad-875a6f522758] Subscription created until 2023-10-14T08:32:35.468279-07:00 [validity_duration:86400] (../src/nrf/nnrf-handler.c:375)
10/13 08:32:35.468: [nrf] INFO: [bbcf63ac-69dd-41ee-8aad-875a6f522758] Subscription created until 2023-10-14T08:32:35.468386-07:00 [validity_duration:86400] (../src/nrf/nnrf-handler.c:375)
10/13 08:32:35.468: [nrf] INFO: [bbcf6528-69dd-41ee-8aad-875a6f522758] Subscription created until 2023-10-14T08:32:35.468423-07:00 [validity_duration:86400] (../src/nrf/nnrf-handler.c:375)
10/13 08:32:36.003: [nrf] INFO: [853f60da-69dd-41ee-ae16-a13e978b250d] NF registered [Heartbeat:10s] (../src/nrf/nf-sm.c:190)
10/13 08:32:36.003: [sbi] WARNING: [7] Failed to connect to 127.0.0.1 port 7778: Connection refused (../lib/sbi/client.c:626)
10/13 08:32:36.003: [nrf] WARNING: client_notify_cb() failed [-1] (../src/nrf/sbi-path.c:29)
10/13 08:32:36.003: [sbi] WARNING: [7] Failed to connect to 127.0.0.1 port 7778: Connection refused (../lib/sbi/client.c:626)
10/13 08:32:36.003: [nrf] WARNING: client_notify_cb() failed [-1] (../src/nrf/sbi-path.c:29)
10/13 08:32:36.003: [nrf] INFO: [bc211774-69dd-41ee-8aad-875a6f522758] Subscription created until 2023-10-14T08:32:36.003850-07:00 [validity_duration:86400] (../src/nrf/nnrf-handler.c:375)
10/13 08:32:36.103: [nrf] INFO: [7f4ebc20-69dd-41ee-8717-eff0ace9ef8d] NF registered [Heartbeat:10s] (../src/nrf/nf-sm.c:190)
10/13 08:32:36.103: [sbi] WARNING: [7] Failed to connect to 127.0.0.1 port 7778: Connection refused (../lib/sbi/client.c:626)
10/13 08:32:36.103: [nrf] WARNING: client_notify_cb() failed [-1] (../src/nrf/sbi-path.c:29)
10/13 08:32:36.103: [nrf] INFO: [bc304fe6-69dd-41ee-8aad-875a6f522758] Subscription created until 2023-10-14T08:32:36.103599-07:00 [validity_duration:86400] (../src/nrf/nnrf-handler.c:375)
10/13 08:32:36.103: [nrf] INFO: [bc305590-69dd-41ee-8aad-875a6f522758] Subscription created until 2023-10-14T08:32:36.103725-07:00 [validity_duration:86400] (../src/nrf/nnrf-handler.c:375)
10/13 08:32:36.103: [nrf] INFO: [bc305806-69dd-41ee-8aad-875a6f522758] Subscription created until 2023-10-14T08:32:36.103787-07:00 [validity_duration:86400] (../src/nrf/nnrf-handler.c:375)
10/13 08:32:36.103: [nrf] INFO: [bc305a54-69dd-41ee-8aad-875a6f522758] Subscription created until 2023-10-14T08:32:36.103845-07:00 [validity_duration:86400] (../src/nrf/nnrf-handler.c:375)
10/13 08:32:36.879: [nrf] INFO: [8bbc8794-69dd-41ee-8e08-856c8309c0b7] NF registered [Heartbeat:10s] (../src/nrf/nf-sm.c:190)
10/13 08:32:36.879: [sbi] WARNING: [7] Failed to connect to 127.0.0.1 port 7778: Connection refused (../lib/sbi/client.c:626)
10/13 08:32:36.879: [nrf] WARNING: client_notify_cb() failed [-1] (../src/nrf/sbi-path.c:29)
10/13 08:32:36.879: [sbi] WARNING: [7] Failed to connect to 127.0.0.1 port 7778: Connection refused (../lib/sbi/client.c:626)
10/13 08:32:36.879: [nrf] WARNING: client_notify_cb() failed [-1] (../src/nrf/sbi-path.c:29)
10/13 08:32:36.879: [nrf] INFO: [bca6c3ba-69dd-41ee-8aad-875a6f522758] Subscription created until 2023-10-14T08:32:36.879888-07:00 [validity_duration:86400] (../src/nrf/nnrf-handler.c:375)
10/13 08:32:36.879: [nrf] INFO: [bca6c6ee-69dd-41ee-8aad-875a6f522758] Subscription created until 2023-10-14T08:32:36.879951-07:00 [validity_duration:86400] (../src/nrf/nnrf-handler.c:375)
10/13 08:32:38.481: [nrf] INFO: [86b9723e-69dd-41ee-b4b7-93fa4da88770] NF registered [Heartbeat:10s] (../src/nrf/nf-sm.c:190)
10/13 08:32:38.482: [sbi] WARNING: [7] Failed to connect to 127.0.0.1 port 7778: Connection refused (../lib/sbi/client.c:626)
10/13 08:32:38.482: [nrf] WARNING: client_notify_cb() failed [-1] (../src/nrf/sbi-path.c:29)
10/13 08:32:38.482: [nrf] INFO: [bd9b4d18-69dd-41ee-8aad-875a6f522758] Subscription created until 2023-10-14T08:32:38.482494-07:00 [validity_duration:86400] (../src/nrf/nnrf-handler.c:375)
10/13 08:32:43.377: [nrf] INFO: [8f9b9d8c-69dd-41ee-89bf-0de325163deb] NF registered [Heartbeat:10s] (../src/nrf/nf-sm.c:190)
10/13 08:32:43.378: [sbi] WARNING: [7] Failed to connect to 127.0.0.1 port 7778: Connection refused (../lib/sbi/client.c:626)
10/13 08:32:43.378: [nrf] WARNING: client_notify_cb() failed [-1] (../src/nrf/sbi-path.c:29)
10/13 08:32:43.378: [sbi] WARNING: [7] Failed to connect to 127.0.0.1 port 7778: Connection refused (../lib/sbi/client.c:626)
10/13 08:32:43.378: [nrf] WARNING: client_notify_cb() failed [-1] (../src/nrf/sbi-path.c:29)
10/13 08:32:45.347: [nrf] INFO: [8a378a90-69dd-41ee-a454-c391fdcb5345] NF registered [Heartbeat:10s] (../src/nrf/nf-sm.c:190)
10/13 08:32:45.347: [sbi] WARNING: [7] Failed to connect to 127.0.0.1 port 7778: Connection refused (../lib/sbi/client.c:626)
10/13 08:32:45.347: [nrf] WARNING: client_notify_cb() failed [-1] (../src/nrf/sbi-path.c:29)
10/13 08:33:52.214: [app] INFO: SIGINT received (../src/main.c:53)
10/13 08:33:52.214: [app] INFO: Open5GS daemon terminating... (../src/main.c:226)
10/13 08:33:52.216: [nrf] INFO: [78fca828-69dd-41ee-af39-df55ae4dfe9a] NF de-registered (../src/nrf/nf-sm.c:205)
10/13 08:33:52.216: [nrf] INFO: [853f60da-69dd-41ee-ae16-a13e978b250d] NF de-registered (../src/nrf/nf-sm.c:205)
10/13 08:33:52.216: [nrf] INFO: [7f4ebc20-69dd-41ee-8717-eff0ace9ef8d] NF de-registered (../src/nrf/nf-sm.c:205)
10/13 08:33:52.216: [nrf] INFO: [8bbc8794-69dd-41ee-8e08-856c8309c0b7] NF de-registered (../src/nrf/nf-sm.c:205)
10/13 08:33:52.216: [nrf] INFO: [86b9723e-69dd-41ee-b4b7-93fa4da88770] NF de-registered (../src/nrf/nf-sm.c:205)
10/13 08:33:52.216: [nrf] INFO: [8f9b9d8c-69dd-41ee-89bf-0de325163deb] NF de-registered (../src/nrf/nf-sm.c:205)
10/13 08:33:52.216: [nrf] INFO: [8a378a90-69dd-41ee-a454-c391fdcb5345] NF de-registered (../src/nrf/nf-sm.c:205)
10/13 08:33:52.217: [app] INFO: NRF terminate...done (../src/nrf/app.c:39)
Open5GS daemon v2.6.6-9-ge108d62

10/13 08:34:20.862: [app] INFO: Configuration: '/home/mike/Project/open5gs/ogs_install/etc/open5gs/nrf.yaml' (../lib/app/ogs-init.c:126)
10/13 08:34:20.862: [app] INFO: File Logging: '/home/mike/Project/open5gs/ogs_install/var/log/open5gs/nrf.log' (../lib/app/ogs-init.c:129)
10/13 08:34:20.864: [sbi] INFO: nghttp2_server() [http://127.0.0.1]:7778 (../lib/sbi/nghttp2-server.c:395)
10/13 08:34:20.865: [app] INFO: NRF initialize...done (../src/nrf/app.c:31)
10/13 08:34:25.605: [nrf] INFO: [fd74a4e8-69dd-41ee-91bb-773b110763f7] NF registered [Heartbeat:10s] (../src/nrf/nf-sm.c:190)
10/13 08:34:25.606: [nrf] INFO: [fd751cc0-69dd-41ee-83e2-b1b80c501272] Subscription created until 2023-10-14T08:34:25.606385-07:00 [validity_duration:86400] (../src/nrf/nnrf-handler.c:375)
10/13 08:34:25.606: [nrf] INFO: [fd75236e-69dd-41ee-83e2-b1b80c501272] Subscription created until 2023-10-14T08:34:25.606546-07:00 [validity_duration:86400] (../src/nrf/nnrf-handler.c:375)
10/13 08:34:25.606: [nrf] INFO: [fd7526f2-69dd-41ee-83e2-b1b80c501272] Subscription created until 2023-10-14T08:34:25.606634-07:00 [validity_duration:86400] (../src/nrf/nnrf-handler.c:375)
10/13 08:34:25.606: [nrf] INFO: [fd7531c4-69dd-41ee-83e2-b1b80c501272] Subscription created until 2023-10-14T08:34:25.606918-07:00 [validity_duration:86400] (../src/nrf/nnrf-handler.c:375)
10/13 08:34:25.606: [nrf] INFO: [fd7534bc-69dd-41ee-83e2-b1b80c501272] Subscription created until 2023-10-14T08:34:25.606987-07:00 [validity_duration:86400] (../src/nrf/nnrf-handler.c:375)
10/13 08:34:25.607: [nrf] INFO: [fd75378c-69dd-41ee-83e2-b1b80c501272] Subscription created until 2023-10-14T08:34:25.607059-07:00 [validity_duration:86400] (../src/nrf/nnrf-handler.c:375)
10/13 08:34:25.607: [nrf] INFO: [fd753a8e-69dd-41ee-83e2-b1b80c501272] Subscription created until 2023-10-14T08:34:25.607136-07:00 [validity_duration:86400] (../src/nrf/nnrf-handler.c:375)
10/13 08:34:25.607: [nrf] INFO: [fd753d72-69dd-41ee-83e2-b1b80c501272] Subscription created until 2023-10-14T08:34:25.607210-07:00 [validity_duration:86400] (../src/nrf/nnrf-handler.c:375)
10/13 08:34:27.471: [nrf] INFO: [8f9b9d8c-69dd-41ee-89bf-0de325163deb] NF registered [Heartbeat:10s] (../src/nrf/nf-sm.c:190)
10/13 08:34:29.418: [nrf] INFO: [8a378a90-69dd-41ee-a454-c391fdcb5345] NF registered [Heartbeat:10s] (../src/nrf/nf-sm.c:190)
10/13 08:34:29.557: [nrf] INFO: [78fca828-69dd-41ee-af39-df55ae4dfe9a] NF registered [Heartbeat:10s] (../src/nrf/nf-sm.c:190)
10/13 08:34:29.561: [nrf] INFO: [ffd0a1ce-69dd-41ee-83e2-b1b80c501272] Subscription created until 2023-10-14T08:34:29.561657-07:00 [validity_duration:86400] (../src/nrf/nnrf-handler.c:375)
10/13 08:34:29.561: [nrf] INFO: [ffd0ae9e-69dd-41ee-83e2-b1b80c501272] Subscription created until 2023-10-14T08:34:29.561936-07:00 [validity_duration:86400] (../src/nrf/nnrf-handler.c:375)
10/13 08:34:29.562: [nrf] INFO: [ffd0bc90-69dd-41ee-83e2-b1b80c501272] Subscription created until 2023-10-14T08:34:29.562292-07:00 [validity_duration:86400] (../src/nrf/nnrf-handler.c:375)
10/13 08:34:29.562: [nrf] INFO: [ffd0c0d2-69dd-41ee-83e2-b1b80c501272] Subscription created until 2023-10-14T08:34:29.562399-07:00 [validity_duration:86400] (../src/nrf/nnrf-handler.c:375)
10/13 08:34:29.562: [nrf] INFO: [ffd0cc58-69dd-41ee-83e2-b1b80c501272] Subscription created until 2023-10-14T08:34:29.562697-07:00 [validity_duration:86400] (../src/nrf/nnrf-handler.c:375)
10/13 08:34:29.562: [nrf] INFO: [ffd0d612-69dd-41ee-83e2-b1b80c501272] Subscription created until 2023-10-14T08:34:29.562947-07:00 [validity_duration:86400] (../src/nrf/nnrf-handler.c:375)
10/13 08:34:30.103: [nrf] INFO: [853f60da-69dd-41ee-ae16-a13e978b250d] NF registered [Heartbeat:10s] (../src/nrf/nf-sm.c:190)
10/13 08:34:30.105: [nrf] INFO: [0023973a-69de-41ee-83e2-b1b80c501272] Subscription created until 2023-10-14T08:34:30.105306-07:00 [validity_duration:86400] (../src/nrf/nnrf-handler.c:375)
10/13 08:34:30.172: [nrf] INFO: [7f4ebc20-69dd-41ee-8717-eff0ace9ef8d] NF registered [Heartbeat:10s] (../src/nrf/nf-sm.c:190)
10/13 08:34:30.175: [nrf] INFO: [002e4db0-69de-41ee-83e2-b1b80c501272] Subscription created until 2023-10-14T08:34:30.175546-07:00 [validity_duration:86400] (../src/nrf/nnrf-handler.c:375)
10/13 08:34:30.176: [nrf] INFO: [002e6188-69de-41ee-83e2-b1b80c501272] Subscription created until 2023-10-14T08:34:30.176004-07:00 [validity_duration:86400] (../src/nrf/nnrf-handler.c:375)
10/13 08:34:30.176: [nrf] INFO: [002e68d6-69de-41ee-83e2-b1b80c501272] Subscription created until 2023-10-14T08:34:30.176198-07:00 [validity_duration:86400] (../src/nrf/nnrf-handler.c:375)
10/13 08:34:30.176: [nrf] INFO: [002e6fa2-69de-41ee-83e2-b1b80c501272] Subscription created until 2023-10-14T08:34:30.176360-07:00 [validity_duration:86400] (../src/nrf/nnrf-handler.c:375)
10/13 08:34:30.987: [nrf] INFO: [8bbc8794-69dd-41ee-8e08-856c8309c0b7] NF registered [Heartbeat:10s] (../src/nrf/nf-sm.c:190)
10/13 08:34:30.997: [nrf] INFO: [00aba94a-69de-41ee-83e2-b1b80c501272] Subscription created until 2023-10-14T08:34:30.997127-07:00 [validity_duration:86400] (../src/nrf/nnrf-handler.c:375)
10/13 08:34:30.998: [nrf] INFO: [00abda8c-69de-41ee-83e2-b1b80c501272] Subscription created until 2023-10-14T08:34:30.998311-07:00 [validity_duration:86400] (../src/nrf/nnrf-handler.c:375)
10/13 08:34:32.571: [nrf] INFO: [86b9723e-69dd-41ee-b4b7-93fa4da88770] NF registered [Heartbeat:10s] (../src/nrf/nf-sm.c:190)
10/13 08:34:32.572: [nrf] INFO: [019c1d30-69de-41ee-83e2-b1b80c501272] Subscription created until 2023-10-14T08:34:32.572880-07:00 [validity_duration:86400] (../src/nrf/nnrf-handler.c:375)
10/13 08:37:10.177: [nrf] INFO: [5f8c74f8-69de-41ee-94d0-255a7e54a6eb] NF registered [Heartbeat:10s] (../src/nrf/nf-sm.c:190)
10/13 20:30:43.400: [nrf] ERROR: [78fd4a94-69dd-41ee-aba1-05b9ac372a41] Not found (../src/nrf/nnrf-handler.c:436)
10/13 20:30:43.405: [nrf] ERROR: [78fd571e-69dd-41ee-aba1-05b9ac372a41] Not found (../src/nrf/nnrf-handler.c:436)
10/13 20:30:43.405: [nrf] ERROR: [78fd5aa2-69dd-41ee-aba1-05b9ac372a41] Not found (../src/nrf/nnrf-handler.c:436)
10/13 20:30:43.405: [nrf] ERROR: [78fd5db8-69dd-41ee-aba1-05b9ac372a41] Not found (../src/nrf/nnrf-handler.c:436)
10/13 20:30:43.405: [nrf] ERROR: [78fd61fa-69dd-41ee-aba1-05b9ac372a41] Not found (../src/nrf/nnrf-handler.c:436)
10/13 20:30:43.405: [nrf] ERROR: [78fd6510-69dd-41ee-aba1-05b9ac372a41] Not found (../src/nrf/nnrf-handler.c:436)
10/13 20:30:54.070: [nrf] ERROR: [7f5cf240-69dd-41ee-aba1-05b9ac372a41] Not found (../src/nrf/nnrf-handler.c:436)
10/13 20:30:54.070: [nrf] ERROR: [7f5cf574-69dd-41ee-aba1-05b9ac372a41] Not found (../src/nrf/nnrf-handler.c:436)
10/13 20:30:54.070: [nrf] ERROR: [7f5cf718-69dd-41ee-aba1-05b9ac372a41] Not found (../src/nrf/nnrf-handler.c:436)
10/13 20:30:54.070: [nrf] ERROR: [7f5cf880-69dd-41ee-aba1-05b9ac372a41] Not found (../src/nrf/nnrf-handler.c:436)
10/13 20:31:03.944: [nrf] ERROR: [853fc62e-69dd-41ee-aba1-05b9ac372a41] Not found (../src/nrf/nnrf-handler.c:436)
10/13 20:31:06.428: [nrf] ERROR: [86b9af24-69dd-41ee-aba1-05b9ac372a41] Not found (../src/nrf/nnrf-handler.c:436)
10/13 20:31:14.827: [nrf] ERROR: [8bbd19fc-69dd-41ee-aba1-05b9ac372a41] Not found (../src/nrf/nnrf-handler.c:436)
10/13 20:31:14.827: [nrf] ERROR: [8bbd2550-69dd-41ee-aba1-05b9ac372a41] Not found (../src/nrf/nnrf-handler.c:436)
10/13 20:32:35.471: [nrf] ERROR: [bbcf56d2-69dd-41ee-8aad-875a6f522758] Not found (../src/nrf/nnrf-handler.c:436)
10/13 20:32:35.471: [nrf] ERROR: [bbcf5b3c-69dd-41ee-8aad-875a6f522758] Not found (../src/nrf/nnrf-handler.c:436)
10/13 20:32:35.471: [nrf] ERROR: [bbcf5d76-69dd-41ee-8aad-875a6f522758] Not found (../src/nrf/nnrf-handler.c:436)
10/13 20:32:35.471: [nrf] ERROR: [bbcf5f7e-69dd-41ee-8aad-875a6f522758] Not found (../src/nrf/nnrf-handler.c:436)
10/13 20:32:35.471: [nrf] ERROR: [bbcf63ac-69dd-41ee-8aad-875a6f522758] Not found (../src/nrf/nnrf-handler.c:436)
10/13 20:32:35.471: [nrf] ERROR: [bbcf6528-69dd-41ee-8aad-875a6f522758] Not found (../src/nrf/nnrf-handler.c:436)
10/13 20:32:36.011: [nrf] ERROR: [bc211774-69dd-41ee-8aad-875a6f522758] Not found (../src/nrf/nnrf-handler.c:436)
10/13 20:32:36.108: [nrf] ERROR: [bc304fe6-69dd-41ee-8aad-875a6f522758] Not found (../src/nrf/nnrf-handler.c:436)
10/13 20:32:36.109: [nrf] ERROR: [bc305590-69dd-41ee-8aad-875a6f522758] Not found (../src/nrf/nnrf-handler.c:436)
10/13 20:32:36.109: [nrf] ERROR: [bc305806-69dd-41ee-8aad-875a6f522758] Not found (../src/nrf/nnrf-handler.c:436)
10/13 20:32:36.109: [nrf] ERROR: [bc305a54-69dd-41ee-8aad-875a6f522758] Not found (../src/nrf/nnrf-handler.c:436)
10/13 20:32:36.888: [nrf] ERROR: [bca6c3ba-69dd-41ee-8aad-875a6f522758] Not found (../src/nrf/nnrf-handler.c:436)
10/13 20:32:36.888: [nrf] ERROR: [bca6c6ee-69dd-41ee-8aad-875a6f522758] Not found (../src/nrf/nnrf-handler.c:436)
10/13 20:32:38.487: [nrf] ERROR: [bd9b4d18-69dd-41ee-8aad-875a6f522758] Not found (../src/nrf/nnrf-handler.c:436)
10/13 20:34:25.620: [nrf] INFO: [fd751cc0-69dd-41ee-83e2-b1b80c501272] Subscription updated until 2023-10-14T20:34:25.611791-07:00 [duration:86400,validity:86399.991881] (../src/nrf/nnrf-handler.c:515)
10/13 20:34:25.621: [nrf] INFO: [fd75236e-69dd-41ee-83e2-b1b80c501272] Subscription updated until 2023-10-14T20:34:25.617002-07:00 [duration:86400,validity:86399.995240] (../src/nrf/nnrf-handler.c:515)
10/13 20:34:25.622: [nrf] INFO: [fd7526f2-69dd-41ee-83e2-b1b80c501272] Subscription updated until 2023-10-14T20:34:25.617285-07:00 [duration:86400,validity:86399.994935] (../src/nrf/nnrf-handler.c:515)
10/13 20:34:25.622: [nrf] INFO: [fd7531c4-69dd-41ee-83e2-b1b80c501272] Subscription updated until 2023-10-14T20:34:25.617439-07:00 [duration:86400,validity:86399.994666] (../src/nrf/nnrf-handler.c:515)
10/13 20:34:25.622: [nrf] INFO: [fd7534bc-69dd-41ee-83e2-b1b80c501272] Subscription updated until 2023-10-14T20:34:25.617553-07:00 [duration:86400,validity:86399.994631] (../src/nrf/nnrf-handler.c:515)
10/13 20:34:25.623: [nrf] INFO: [fd75378c-69dd-41ee-83e2-b1b80c501272] Subscription updated until 2023-10-14T20:34:25.617646-07:00 [duration:86400,validity:86399.994355] (../src/nrf/nnrf-handler.c:515)
10/13 20:34:25.623: [nrf] INFO: [fd753a8e-69dd-41ee-83e2-b1b80c501272] Subscription updated until 2023-10-14T20:34:25.617811-07:00 [duration:86400,validity:86399.994393] (../src/nrf/nnrf-handler.c:515)
10/13 20:34:25.623: [nrf] INFO: [fd753d72-69dd-41ee-83e2-b1b80c501272] Subscription updated until 2023-10-14T20:34:25.617953-07:00 [duration:86400,validity:86399.994296] (../src/nrf/nnrf-handler.c:515)
10/13 20:34:29.563: [nrf] INFO: [ffd0a1ce-69dd-41ee-83e2-b1b80c501272] Subscription updated until 2023-10-14T20:34:29.562690-07:00 [duration:86400,validity:86399.999290] (../src/nrf/nnrf-handler.c:515)
10/13 20:34:29.565: [nrf] INFO: [ffd0ae9e-69dd-41ee-83e2-b1b80c501272] Subscription updated until 2023-10-14T20:34:29.564027-07:00 [duration:86400,validity:86399.998050] (../src/nrf/nnrf-handler.c:515)
10/13 20:34:29.566: [nrf] INFO: [ffd0bc90-69dd-41ee-83e2-b1b80c501272] Subscription updated until 2023-10-14T20:34:29.565147-07:00 [duration:86400,validity:86399.999048] (../src/nrf/nnrf-handler.c:515)
10/13 20:34:29.566: [nrf] INFO: [ffd0c0d2-69dd-41ee-83e2-b1b80c501272] Subscription updated until 2023-10-14T20:34:29.565405-07:00 [duration:86400,validity:86399.999264] (../src/nrf/nnrf-handler.c:515)
10/13 20:34:29.566: [nrf] INFO: [ffd0cc58-69dd-41ee-83e2-b1b80c501272] Subscription updated until 2023-10-14T20:34:29.565487-07:00 [duration:86400,validity:86399.999204] (../src/nrf/nnrf-handler.c:515)
10/13 20:34:29.566: [nrf] INFO: [ffd0d612-69dd-41ee-83e2-b1b80c501272] Subscription updated until 2023-10-14T20:34:29.565528-07:00 [duration:86400,validity:86399.999171] (../src/nrf/nnrf-handler.c:515)
10/13 20:34:30.108: [nrf] INFO: [0023973a-69de-41ee-83e2-b1b80c501272] Subscription updated until 2023-10-14T20:34:30.107344-07:00 [duration:86400,validity:86399.999135] (../src/nrf/nnrf-handler.c:515)
10/13 20:34:30.185: [nrf] INFO: [002e4db0-69de-41ee-83e2-b1b80c501272] Subscription updated until 2023-10-14T20:34:30.184584-07:00 [duration:86400,validity:86399.999425] (../src/nrf/nnrf-handler.c:515)
10/13 20:34:30.185: [nrf] INFO: [002e6188-69de-41ee-83e2-b1b80c501272] Subscription updated until 2023-10-14T20:34:30.184671-07:00 [duration:86400,validity:86399.999413] (../src/nrf/nnrf-handler.c:515)
10/13 20:34:30.185: [nrf] INFO: [002e68d6-69de-41ee-83e2-b1b80c501272] Subscription updated until 2023-10-14T20:34:30.184696-07:00 [duration:86400,validity:86399.999358] (../src/nrf/nnrf-handler.c:515)
10/13 20:34:30.185: [nrf] INFO: [002e6fa2-69de-41ee-83e2-b1b80c501272] Subscription updated until 2023-10-14T20:34:30.184717-07:00 [duration:86400,validity:86399.999258] (../src/nrf/nnrf-handler.c:515)
10/13 20:34:31.001: [nrf] INFO: [00aba94a-69de-41ee-83e2-b1b80c501272] Subscription updated until 2023-10-14T20:34:31.000317-07:00 [duration:86400,validity:86399.998549] (../src/nrf/nnrf-handler.c:515)
10/13 20:34:31.001: [nrf] INFO: [00abda8c-69de-41ee-83e2-b1b80c501272] Subscription updated until 2023-10-14T20:34:31.000463-07:00 [duration:86400,validity:86399.998605] (../src/nrf/nnrf-handler.c:515)
10/13 20:34:32.574: [nrf] INFO: [019c1d30-69de-41ee-83e2-b1b80c501272] Subscription updated until 2023-10-14T20:34:32.574016-07:00 [duration:86400,validity:86399.999183] (../src/nrf/nnrf-handler.c:515)
10/14 01:24:14.964: [nrf] INFO: [78fca828-69dd-41ee-af39-df55ae4dfe9a] NF de-registered (../src/nrf/nf-sm.c:205)
10/14 01:24:15.391: [nrf] WARNING: Subscription notification failed [404] (../src/nrf/sbi-path.c:46)
10/14 01:24:19.066: [nrf] INFO: [11ee6af2-6a6b-41ee-b9a7-a9c3820d744f] NF registered [Heartbeat:10s] (../src/nrf/nf-sm.c:190)
10/14 01:24:19.074: [nrf] INFO: [11fa8f26-6a6b-41ee-83e2-b1b80c501272] Subscription created until 2023-10-15T01:24:19.074240-07:00 [validity_duration:86400] (../src/nrf/nnrf-handler.c:375)
10/14 01:24:19.075: [nrf] INFO: [11face6e-6a6b-41ee-83e2-b1b80c501272] Subscription created until 2023-10-15T01:24:19.075858-07:00 [validity_duration:86400] (../src/nrf/nnrf-handler.c:375)
10/14 01:24:19.075: [nrf] INFO: [11fad102-6a6b-41ee-83e2-b1b80c501272] Subscription created until 2023-10-15T01:24:19.075922-07:00 [validity_duration:86400] (../src/nrf/nnrf-handler.c:375)
10/14 01:24:19.075: [nrf] INFO: [11fad2c4-6a6b-41ee-83e2-b1b80c501272] Subscription created until 2023-10-15T01:24:19.075966-07:00 [validity_duration:86400] (../src/nrf/nnrf-handler.c:375)
10/14 01:24:19.076: [nrf] INFO: [11fad4f4-6a6b-41ee-83e2-b1b80c501272] Subscription created until 2023-10-15T01:24:19.076022-07:00 [validity_duration:86400] (../src/nrf/nnrf-handler.c:375)
10/14 01:24:19.076: [nrf] INFO: [11fad724-6a6b-41ee-83e2-b1b80c501272] Subscription created until 2023-10-15T01:24:19.076078-07:00 [validity_duration:86400] (../src/nrf/nnrf-handler.c:375)
10/14 01:24:24.617: [app] INFO: SIGINT received (../src/main.c:53)
10/14 01:24:24.617: [app] INFO: Open5GS daemon terminating... (../src/main.c:226)
10/14 01:24:24.738: [nrf] INFO: [fd74a4e8-69dd-41ee-91bb-773b110763f7] NF de-registered (../src/nrf/nf-sm.c:205)
10/14 01:24:24.738: [nrf] INFO: [8f9b9d8c-69dd-41ee-89bf-0de325163deb] NF de-registered (../src/nrf/nf-sm.c:205)
10/14 01:24:24.740: [nrf] INFO: [8a378a90-69dd-41ee-a454-c391fdcb5345] NF de-registered (../src/nrf/nf-sm.c:205)
10/14 01:24:24.740: [nrf] INFO: [853f60da-69dd-41ee-ae16-a13e978b250d] NF de-registered (../src/nrf/nf-sm.c:205)
10/14 01:24:24.741: [nrf] INFO: [7f4ebc20-69dd-41ee-8717-eff0ace9ef8d] NF de-registered (../src/nrf/nf-sm.c:205)
10/14 01:24:24.742: [nrf] INFO: [8bbc8794-69dd-41ee-8e08-856c8309c0b7] NF de-registered (../src/nrf/nf-sm.c:205)
10/14 01:24:24.742: [nrf] INFO: [86b9723e-69dd-41ee-b4b7-93fa4da88770] NF de-registered (../src/nrf/nf-sm.c:205)
10/14 01:24:24.742: [nrf] INFO: [5f8c74f8-69de-41ee-94d0-255a7e54a6eb] NF de-registered (../src/nrf/nf-sm.c:205)
10/14 01:24:24.742: [nrf] INFO: [11ee6af2-6a6b-41ee-b9a7-a9c3820d744f] NF de-registered (../src/nrf/nf-sm.c:205)
10/14 01:24:24.810: [app] INFO: NRF terminate...done (../src/nrf/app.c:39)
Open5GS daemon v2.6.6-9-ge108d62

10/14 01:24:27.403: [app] INFO: Configuration: '/home/mike/Project/open5gs/ogs_install/etc/open5gs/nrf.yaml' (../lib/app/ogs-init.c:126)
10/14 01:24:27.403: [app] INFO: File Logging: '/home/mike/Project/open5gs/ogs_install/var/log/open5gs/nrf.log' (../lib/app/ogs-init.c:129)
10/14 01:24:27.405: [sbi] INFO: nghttp2_server() [http://127.0.0.1]:7778 (../lib/sbi/nghttp2-server.c:395)
10/14 01:24:27.405: [app] INFO: NRF initialize...done (../src/nrf/app.c:31)
10/14 01:24:27.575: [nrf] WARNING: Not found [86b9723e-69dd-41ee-b4b7-93fa4da88770] (../src/nrf/nrf-sm.c:143)
10/14 01:24:27.963: [nrf] INFO: [8bbc8794-69dd-41ee-8e08-856c8309c0b7] NF registered [Heartbeat:10s] (../src/nrf/nf-sm.c:190)
10/14 01:24:27.981: [nrf] INFO: [1749b4c0-6a6b-41ee-befc-d72444f15d25] Subscription created until 2023-10-15T01:24:27.981585-07:00 [validity_duration:86400] (../src/nrf/nnrf-handler.c:375)
10/14 01:24:27.981: [nrf] INFO: [1749bc2c-6a6b-41ee-befc-d72444f15d25] Subscription created until 2023-10-15T01:24:27.981734-07:00 [validity_duration:86400] (../src/nrf/nnrf-handler.c:375)
10/14 01:24:28.793: [nrf] WARNING: Not found [fd74a4e8-69dd-41ee-91bb-773b110763f7] (../src/nrf/nrf-sm.c:143)
10/14 01:24:29.083: [nrf] WARNING: Not found [11ee6af2-6a6b-41ee-b9a7-a9c3820d744f] (../src/nrf/nrf-sm.c:143)
10/14 01:24:29.581: [nrf] INFO: [86b9723e-69dd-41ee-b4b7-93fa4da88770] NF registered [Heartbeat:10s] (../src/nrf/nf-sm.c:190)
10/14 01:24:29.597: [nrf] INFO: [18403584-6a6b-41ee-befc-d72444f15d25] Subscription created until 2023-10-15T01:24:29.597051-07:00 [validity_duration:86400] (../src/nrf/nnrf-handler.c:375)
10/14 01:24:30.796: [nrf] INFO: [fd74a4e8-69dd-41ee-91bb-773b110763f7] NF registered [Heartbeat:10s] (../src/nrf/nf-sm.c:190)
10/14 01:24:30.821: [nrf] INFO: [18fb0490-6a6b-41ee-befc-d72444f15d25] Subscription created until 2023-10-15T01:24:30.821298-07:00 [validity_duration:86400] (../src/nrf/nnrf-handler.c:375)
10/14 01:24:30.821: [nrf] INFO: [18fb0850-6a6b-41ee-befc-d72444f15d25] Subscription created until 2023-10-15T01:24:30.821390-07:00 [validity_duration:86400] (../src/nrf/nnrf-handler.c:375)
10/14 01:24:30.821: [nrf] INFO: [18fb0b2a-6a6b-41ee-befc-d72444f15d25] Subscription created until 2023-10-15T01:24:30.821462-07:00 [validity_duration:86400] (../src/nrf/nnrf-handler.c:375)
10/14 01:24:30.821: [nrf] INFO: [18fb0d64-6a6b-41ee-befc-d72444f15d25] Subscription created until 2023-10-15T01:24:30.821517-07:00 [validity_duration:86400] (../src/nrf/nnrf-handler.c:375)
10/14 01:24:30.821: [nrf] INFO: [18fb0f76-6a6b-41ee-befc-d72444f15d25] Subscription created until 2023-10-15T01:24:30.821570-07:00 [validity_duration:86400] (../src/nrf/nnrf-handler.c:375)
10/14 01:24:30.821: [nrf] INFO: [18fb1462-6a6b-41ee-befc-d72444f15d25] Subscription created until 2023-10-15T01:24:30.821697-07:00 [validity_duration:86400] (../src/nrf/nnrf-handler.c:375)
10/14 01:24:30.821: [nrf] INFO: [18fb15e8-6a6b-41ee-befc-d72444f15d25] Subscription created until 2023-10-15T01:24:30.821735-07:00 [validity_duration:86400] (../src/nrf/nnrf-handler.c:375)
10/14 01:24:30.821: [nrf] INFO: [18fb17fa-6a6b-41ee-befc-d72444f15d25] Subscription created until 2023-10-15T01:24:30.821788-07:00 [validity_duration:86400] (../src/nrf/nnrf-handler.c:375)
10/14 01:24:31.086: [nrf] INFO: [11ee6af2-6a6b-41ee-b9a7-a9c3820d744f] NF registered [Heartbeat:10s] (../src/nrf/nf-sm.c:190)
10/14 01:24:31.087: [nrf] INFO: [1923a486-6a6b-41ee-befc-d72444f15d25] Subscription created until 2023-10-15T01:24:31.087610-07:00 [validity_duration:86400] (../src/nrf/nnrf-handler.c:375)
10/14 01:24:31.088: [nrf] INFO: [1923c876-6a6b-41ee-befc-d72444f15d25] Subscription created until 2023-10-15T01:24:31.088454-07:00 [validity_duration:86400] (../src/nrf/nnrf-handler.c:375)
10/14 01:24:31.088: [nrf] INFO: [1923cbb4-6a6b-41ee-befc-d72444f15d25] Subscription created until 2023-10-15T01:24:31.088535-07:00 [validity_duration:86400] (../src/nrf/nnrf-handler.c:375)
10/14 01:24:31.088: [nrf] INFO: [1923ce0c-6a6b-41ee-befc-d72444f15d25] Subscription created until 2023-10-15T01:24:31.088594-07:00 [validity_duration:86400] (../src/nrf/nnrf-handler.c:375)
10/14 01:24:31.088: [nrf] INFO: [1923d118-6a6b-41ee-befc-d72444f15d25] Subscription created until 2023-10-15T01:24:31.088673-07:00 [validity_duration:86400] (../src/nrf/nnrf-handler.c:375)
10/14 01:24:31.089: [nrf] INFO: [192401e2-6a6b-41ee-befc-d72444f15d25] Subscription created until 2023-10-15T01:24:31.089924-07:00 [validity_duration:86400] (../src/nrf/nnrf-handler.c:375)
10/14 01:24:31.723: [nrf] WARNING: Not found [7f4ebc20-69dd-41ee-8717-eff0ace9ef8d] (../src/nrf/nrf-sm.c:143)
10/14 01:24:32.830: [nrf] WARNING: Not found [8f9b9d8c-69dd-41ee-89bf-0de325163deb] (../src/nrf/nrf-sm.c:143)
10/14 01:24:33.739: [nrf] INFO: [7f4ebc20-69dd-41ee-8717-eff0ace9ef8d] NF registered [Heartbeat:10s] (../src/nrf/nf-sm.c:190)
10/14 01:24:33.772: [nrf] INFO: [1abd4022-6a6b-41ee-befc-d72444f15d25] Subscription created until 2023-10-15T01:24:33.771978-07:00 [validity_duration:86400] (../src/nrf/nnrf-handler.c:375)
10/14 01:24:33.773: [nrf] INFO: [1abd6f84-6a6b-41ee-befc-d72444f15d25] Subscription created until 2023-10-15T01:24:33.773155-07:00 [validity_duration:86400] (../src/nrf/nnrf-handler.c:375)
10/14 01:24:33.773: [nrf] INFO: [1abd748e-6a6b-41ee-befc-d72444f15d25] Subscription created until 2023-10-15T01:24:33.773279-07:00 [validity_duration:86400] (../src/nrf/nnrf-handler.c:375)
10/14 01:24:33.773: [nrf] INFO: [1abd76be-6a6b-41ee-befc-d72444f15d25] Subscription created until 2023-10-15T01:24:33.773335-07:00 [validity_duration:86400] (../src/nrf/nnrf-handler.c:375)
10/14 01:24:33.815: [nrf] WARNING: Not found [8a378a90-69dd-41ee-a454-c391fdcb5345] (../src/nrf/nrf-sm.c:143)
10/14 01:24:33.855: [nrf] WARNING: Not found [5f8c74f8-69de-41ee-94d0-255a7e54a6eb] (../src/nrf/nrf-sm.c:143)
10/14 01:24:33.939: [nrf] WARNING: Not found [853f60da-69dd-41ee-ae16-a13e978b250d] (../src/nrf/nrf-sm.c:143)
10/14 01:24:34.881: [nrf] INFO: [8f9b9d8c-69dd-41ee-89bf-0de325163deb] NF registered [Heartbeat:10s] (../src/nrf/nf-sm.c:190)
10/14 01:24:35.846: [nrf] INFO: [8a378a90-69dd-41ee-a454-c391fdcb5345] NF registered [Heartbeat:10s] (../src/nrf/nf-sm.c:190)
10/14 01:24:35.900: [nrf] INFO: [5f8c74f8-69de-41ee-94d0-255a7e54a6eb] NF registered [Heartbeat:10s] (../src/nrf/nf-sm.c:190)
10/14 01:24:35.960: [nrf] INFO: [853f60da-69dd-41ee-ae16-a13e978b250d] NF registered [Heartbeat:10s] (../src/nrf/nf-sm.c:190)
10/14 01:24:35.977: [nrf] INFO: [1c0dbeb6-6a6b-41ee-befc-d72444f15d25] Subscription created until 2023-10-15T01:24:35.977213-07:00 [validity_duration:86400] (../src/nrf/nnrf-handler.c:375)
10/14 01:24:41.832: [nrf] INFO: [7f4ebc20-69dd-41ee-8717-eff0ace9ef8d] NF de-registered (../src/nrf/nf-sm.c:205)
10/14 01:24:46.408: [nrf] INFO: [22388578-6a6b-41ee-857d-75c29cf53960] NF registered [Heartbeat:10s] (../src/nrf/nf-sm.c:190)
10/14 01:24:46.416: [nrf] INFO: [2246baee-6a6b-41ee-befc-d72444f15d25] Subscription created until 2023-10-15T01:24:46.416982-07:00 [validity_duration:86400] (../src/nrf/nnrf-handler.c:375)
10/14 01:24:46.417: [nrf] INFO: [2246bdd2-6a6b-41ee-befc-d72444f15d25] Subscription created until 2023-10-15T01:24:46.417049-07:00 [validity_duration:86400] (../src/nrf/nnrf-handler.c:375)
10/14 01:24:46.417: [nrf] INFO: [2246d6e6-6a6b-41ee-befc-d72444f15d25] Subscription created until 2023-10-15T01:24:46.417694-07:00 [validity_duration:86400] (../src/nrf/nnrf-handler.c:375)
10/14 01:24:46.418: [nrf] INFO: [2246f6f8-6a6b-41ee-befc-d72444f15d25] Subscription created until 2023-10-15T01:24:46.418515-07:00 [validity_duration:86400] (../src/nrf/nnrf-handler.c:375)
10/14 01:25:06.121: [nrf] INFO: [22388578-6a6b-41ee-857d-75c29cf53960] NF de-registered (../src/nrf/nf-sm.c:205)
10/14 01:25:14.559: [nrf] INFO: [5f8c74f8-69de-41ee-94d0-255a7e54a6eb] NF de-registered (../src/nrf/nf-sm.c:205)
10/14 01:25:17.047: [nrf] INFO: [34852254-6a6b-41ee-8778-4bbcd2b0b6bb] NF registered [Heartbeat:10s] (../src/nrf/nf-sm.c:190)
10/14 01:26:18.381: [nrf] INFO: [8a378a90-69dd-41ee-a454-c391fdcb5345] NF de-registered (../src/nrf/nf-sm.c:205)
10/14 01:26:20.310: [nrf] INFO: [5a3d5d54-6a6b-41ee-9e88-dd8ab08dd325] NF registered [Heartbeat:10s] (../src/nrf/nf-sm.c:190)
10/14 01:26:23.039: [nrf] INFO: [8bbc8794-69dd-41ee-8e08-856c8309c0b7] NF de-registered (../src/nrf/nf-sm.c:205)
10/14 01:26:23.043: [nrf] WARNING: Subscription notification failed [404] (../src/nrf/sbi-path.c:46)
10/14 01:26:25.281: [nrf] INFO: [5d3383bc-6a6b-41ee-ba00-0d29d0706113] NF registered [Heartbeat:10s] (../src/nrf/nf-sm.c:190)
10/14 01:26:25.282: [nrf] INFO: [5d347934-6a6b-41ee-befc-d72444f15d25] Subscription created until 2023-10-15T01:26:25.282905-07:00 [validity_duration:86400] (../src/nrf/nnrf-handler.c:375)
10/14 01:26:25.283: [nrf] INFO: [5d3491a8-6a6b-41ee-befc-d72444f15d25] Subscription created until 2023-10-15T01:26:25.283531-07:00 [validity_duration:86400] (../src/nrf/nnrf-handler.c:375)
10/14 01:29:08.274: [nrf] INFO: [fd74a4e8-69dd-41ee-91bb-773b110763f7] NF de-registered (../src/nrf/nf-sm.c:205)
10/14 01:29:08.319: [sbi] INFO: RST_STREAM received: stream_id=539 (../lib/sbi/nghttp2-server.c:1186)
10/14 01:29:10.576: [nrf] INFO: [bfba13a2-6a6b-41ee-b1f9-8bf4e8cb37c8] NF registered [Heartbeat:10s] (../src/nrf/nf-sm.c:190)
10/14 01:29:10.576: [nrf] INFO: [bfba4c8c-6a6b-41ee-befc-d72444f15d25] Subscription created until 2023-10-15T01:29:10.576663-07:00 [validity_duration:86400] (../src/nrf/nnrf-handler.c:375)
10/14 01:29:10.576: [nrf] INFO: [bfba5182-6a6b-41ee-befc-d72444f15d25] Subscription created until 2023-10-15T01:29:10.576785-07:00 [validity_duration:86400] (../src/nrf/nnrf-handler.c:375)
10/14 01:29:10.576: [nrf] INFO: [bfba5312-6a6b-41ee-befc-d72444f15d25] Subscription created until 2023-10-15T01:29:10.576825-07:00 [validity_duration:86400] (../src/nrf/nnrf-handler.c:375)
10/14 01:29:10.576: [nrf] INFO: [bfba54fc-6a6b-41ee-befc-d72444f15d25] Subscription created until 2023-10-15T01:29:10.576873-07:00 [validity_duration:86400] (../src/nrf/nnrf-handler.c:375)
10/14 01:29:10.577: [nrf] INFO: [bfba5c04-6a6b-41ee-befc-d72444f15d25] Subscription created until 2023-10-15T01:29:10.577055-07:00 [validity_duration:86400] (../src/nrf/nnrf-handler.c:375)
10/14 01:29:10.577: [nrf] INFO: [bfba5dc6-6a6b-41ee-befc-d72444f15d25] Subscription created until 2023-10-15T01:29:10.577098-07:00 [validity_duration:86400] (../src/nrf/nnrf-handler.c:375)
10/14 01:29:10.577: [nrf] INFO: [bfba5f06-6a6b-41ee-befc-d72444f15d25] Subscription created until 2023-10-15T01:29:10.577130-07:00 [validity_duration:86400] (../src/nrf/nnrf-handler.c:375)
10/14 01:29:10.577: [nrf] INFO: [bfba60dc-6a6b-41ee-befc-d72444f15d25] Subscription created until 2023-10-15T01:29:10.577177-07:00 [validity_duration:86400] (../src/nrf/nnrf-handler.c:375)
10/14 01:29:10.814: [nrf] WARNING: [86b9723e-69dd-41ee-b4b7-93fa4da88770] No heartbeat (../src/nrf/nrf-sm.c:260)
10/14 01:29:10.814: [nrf] INFO: [86b9723e-69dd-41ee-b4b7-93fa4da88770] NF de-registered (../src/nrf/nf-sm.c:205)
10/14 01:29:10.814: [nrf] WARNING: Subscription notification failed [404] (../src/nrf/sbi-path.c:46)
10/14 01:29:10.814: [nrf] WARNING: Subscription notification failed [404] (../src/nrf/sbi-path.c:46)
10/14 01:29:10.839: [nrf] WARNING: Not found [86b9723e-69dd-41ee-b4b7-93fa4da88770] (../src/nrf/nrf-sm.c:143)
10/14 01:29:10.840: [nrf] INFO: [86b9723e-69dd-41ee-b4b7-93fa4da88770] NF registered [Heartbeat:10s] (../src/nrf/nf-sm.c:190)
10/14 01:29:11.448: [nrf] WARNING: [5a3d5d54-6a6b-41ee-9e88-dd8ab08dd325] No heartbeat (../src/nrf/nrf-sm.c:260)
10/14 01:29:11.448: [nrf] INFO: [5a3d5d54-6a6b-41ee-9e88-dd8ab08dd325] NF de-registered (../src/nrf/nf-sm.c:205)
10/14 01:29:11.448: [nrf] WARNING: Not found [5a3d5d54-6a6b-41ee-9e88-dd8ab08dd325] (../src/nrf/nrf-sm.c:143)
10/14 01:29:11.449: [nrf] INFO: [5a3d5d54-6a6b-41ee-9e88-dd8ab08dd325] NF registered [Heartbeat:10s] (../src/nrf/nf-sm.c:190)
10/14 01:29:11.449: [nrf] WARNING: Subscription notification failed [404] (../src/nrf/sbi-path.c:46)
10/14 01:29:12.848: [nrf] INFO: [c114e2a4-6a6b-41ee-befc-d72444f15d25] Subscription created until 2023-10-15T01:29:12.848078-07:00 [validity_duration:86400] (../src/nrf/nnrf-handler.c:375)
10/14 01:29:14.455: [nrf] INFO: [8f9b9d8c-69dd-41ee-89bf-0de325163deb] NF de-registered (../src/nrf/nf-sm.c:205)
10/14 01:29:14.456: [nrf] WARNING: Subscription notification failed [404] (../src/nrf/sbi-path.c:46)
10/14 01:29:14.457: [nrf] WARNING: Subscription notification failed [404] (../src/nrf/sbi-path.c:46)
10/14 01:29:14.489: [nrf] WARNING: Subscription notification failed [404] (../src/nrf/sbi-path.c:46)
10/14 01:29:16.484: [nrf] INFO: [c33da7aa-6a6b-41ee-9425-dd4a35755452] NF registered [Heartbeat:10s] (../src/nrf/nf-sm.c:190)
10/14 01:29:22.782: [nrf] INFO: [86b9723e-69dd-41ee-b4b7-93fa4da88770] NF de-registered (../src/nrf/nf-sm.c:205)
10/14 01:29:24.826: [nrf] INFO: [c8387dac-6a6b-41ee-b53d-afe192bffb57] NF registered [Heartbeat:10s] (../src/nrf/nf-sm.c:190)
10/14 01:29:24.827: [nrf] INFO: [c838cbd6-6a6b-41ee-befc-d72444f15d25] Subscription created until 2023-10-15T01:29:24.827446-07:00 [validity_duration:86400] (../src/nrf/nnrf-handler.c:375)
10/14 01:29:27.411: [nrf] INFO: [853f60da-69dd-41ee-ae16-a13e978b250d] NF de-registered (../src/nrf/nf-sm.c:205)
10/14 01:29:27.412: [nrf] WARNING: Subscription notification failed [404] (../src/nrf/sbi-path.c:46)
10/14 01:29:27.412: [nrf] WARNING: Subscription notification failed [404] (../src/nrf/sbi-path.c:46)
10/14 01:29:27.413: [nrf] WARNING: Subscription notification failed [404] (../src/nrf/sbi-path.c:46)
10/14 01:29:29.270: [nrf] INFO: [cade3182-6a6b-41ee-87b0-d3738969fcd5] NF registered [Heartbeat:10s] (../src/nrf/nf-sm.c:190)
10/14 01:29:29.272: [nrf] INFO: [cadf03fa-6a6b-41ee-befc-d72444f15d25] Subscription created until 2023-10-15T01:29:29.272224-07:00 [validity_duration:86400] (../src/nrf/nnrf-handler.c:375)
10/14 01:35:46.881: [nrf] INFO: [abe6ad1c-6a6c-41ee-a56e-a98a920fdece] NF registered [Heartbeat:10s] (../src/nrf/nf-sm.c:190)
10/14 01:35:46.882: [nrf] INFO: [abf1d5c0-6a6c-41ee-befc-d72444f15d25] Subscription created until 2023-10-15T01:35:46.882920-07:00 [validity_duration:86400] (../src/nrf/nnrf-handler.c:375)
10/14 01:35:46.883: [nrf] INFO: [abf1dbc4-6a6c-41ee-befc-d72444f15d25] Subscription created until 2023-10-15T01:35:46.883071-07:00 [validity_duration:86400] (../src/nrf/nnrf-handler.c:375)
10/14 01:35:46.883: [nrf] INFO: [abf1e0ba-6a6c-41ee-befc-d72444f15d25] Subscription created until 2023-10-15T01:35:46.883198-07:00 [validity_duration:86400] (../src/nrf/nnrf-handler.c:375)
10/14 01:35:46.883: [nrf] INFO: [abf1e272-6a6c-41ee-befc-d72444f15d25] Subscription created until 2023-10-15T01:35:46.883240-07:00 [validity_duration:86400] (../src/nrf/nnrf-handler.c:375)
10/14 01:36:55.372: [nrf] INFO: [abe6ad1c-6a6c-41ee-a56e-a98a920fdece] NF de-registered (../src/nrf/nf-sm.c:205)
10/14 01:39:52.059: [nrf] INFO: [3e0976ca-6a6d-41ee-9962-e5e91c58f2ef] NF registered [Heartbeat:10s] (../src/nrf/nf-sm.c:190)
10/14 01:39:52.061: [nrf] INFO: [3e152984-6a6d-41ee-befc-d72444f15d25] Subscription created until 2023-10-15T01:39:52.061795-07:00 [validity_duration:86400] (../src/nrf/nnrf-handler.c:375)
10/14 01:39:52.062: [nrf] INFO: [3e153f28-6a6d-41ee-befc-d72444f15d25] Subscription created until 2023-10-15T01:39:52.062347-07:00 [validity_duration:86400] (../src/nrf/nnrf-handler.c:375)
10/14 01:39:52.062: [nrf] INFO: [3e15531e-6a6d-41ee-befc-d72444f15d25] Subscription created until 2023-10-15T01:39:52.062858-07:00 [validity_duration:86400] (../src/nrf/nnrf-handler.c:375)
10/14 01:39:52.063: [nrf] INFO: [3e15673c-6a6d-41ee-befc-d72444f15d25] Subscription created until 2023-10-15T01:39:52.063372-07:00 [validity_duration:86400] (../src/nrf/nnrf-handler.c:375)
10/14 01:42:09.966: [nrf] INFO: [3e0976ca-6a6d-41ee-9962-e5e91c58f2ef] NF de-registered (../src/nrf/nf-sm.c:205)
10/14 01:42:13.720: [nrf] INFO: [92785db6-6a6d-41ee-9181-753deeb1f409] NF registered [Heartbeat:10s] (../src/nrf/nf-sm.c:190)
10/14 01:42:13.721: [nrf] INFO: [9284bcaa-6a6d-41ee-befc-d72444f15d25] Subscription created until 2023-10-15T01:42:13.721625-07:00 [validity_duration:86400] (../src/nrf/nnrf-handler.c:375)
10/14 01:42:13.721: [nrf] INFO: [9284c074-6a6d-41ee-befc-d72444f15d25] Subscription created until 2023-10-15T01:42:13.721719-07:00 [validity_duration:86400] (../src/nrf/nnrf-handler.c:375)
10/14 01:42:13.721: [nrf] INFO: [9284c66e-6a6d-41ee-befc-d72444f15d25] Subscription created until 2023-10-15T01:42:13.721872-07:00 [validity_duration:86400] (../src/nrf/nnrf-handler.c:375)
10/14 01:42:13.721: [nrf] INFO: [9284c844-6a6d-41ee-befc-d72444f15d25] Subscription created until 2023-10-15T01:42:13.721918-07:00 [validity_duration:86400] (../src/nrf/nnrf-handler.c:375)
10/14 01:53:15.022: [nrf] WARNING: [92785db6-6a6d-41ee-9181-753deeb1f409] No heartbeat (../src/nrf/nrf-sm.c:260)
10/14 01:53:15.022: [nrf] INFO: [92785db6-6a6d-41ee-9181-753deeb1f409] NF de-registered (../src/nrf/nf-sm.c:205)
10/14 01:53:15.677: [nrf] INFO: [1d0c8abe-6a6f-41ee-b1e2-272e2933b5f2] NF registered [Heartbeat:10s] (../src/nrf/nf-sm.c:190)
10/14 01:53:15.679: [nrf] INFO: [1d13755e-6a6f-41ee-befc-d72444f15d25] Subscription created until 2023-10-15T01:53:15.679278-07:00 [validity_duration:86400] (../src/nrf/nnrf-handler.c:375)
10/14 01:53:15.679: [nrf] INFO: [1d1378d8-6a6f-41ee-befc-d72444f15d25] Subscription created until 2023-10-15T01:53:15.679361-07:00 [validity_duration:86400] (../src/nrf/nnrf-handler.c:375)
10/14 01:53:15.679: [nrf] INFO: [1d137b08-6a6f-41ee-befc-d72444f15d25] Subscription created until 2023-10-15T01:53:15.679419-07:00 [validity_duration:86400] (../src/nrf/nnrf-handler.c:375)
10/14 01:53:15.679: [nrf] INFO: [1d137df6-6a6f-41ee-befc-d72444f15d25] Subscription created until 2023-10-15T01:53:15.679490-07:00 [validity_duration:86400] (../src/nrf/nnrf-handler.c:375)
10/14 01:53:16.946: [nrf] INFO: [1d0c8abe-6a6f-41ee-b1e2-272e2933b5f2] NF de-registered (../src/nrf/nf-sm.c:205)
10/14 01:53:21.783: [nrf] INFO: [20ad8204-6a6f-41ee-a377-970a415d31ef] NF registered [Heartbeat:10s] (../src/nrf/nf-sm.c:190)
10/14 01:53:21.788: [nrf] INFO: [20b7a612-6a6f-41ee-befc-d72444f15d25] Subscription created until 2023-10-15T01:53:21.788479-07:00 [validity_duration:86400] (../src/nrf/nnrf-handler.c:375)
10/14 01:53:21.788: [nrf] INFO: [20b7a8c4-6a6f-41ee-befc-d72444f15d25] Subscription created until 2023-10-15T01:53:21.788542-07:00 [validity_duration:86400] (../src/nrf/nnrf-handler.c:375)
10/14 01:53:21.788: [nrf] INFO: [20b7aa54-6a6f-41ee-befc-d72444f15d25] Subscription created until 2023-10-15T01:53:21.788582-07:00 [validity_duration:86400] (../src/nrf/nnrf-handler.c:375)
10/14 01:53:21.788: [nrf] INFO: [20b7abbc-6a6f-41ee-befc-d72444f15d25] Subscription created until 2023-10-15T01:53:21.788617-07:00 [validity_duration:86400] (../src/nrf/nnrf-handler.c:375)
10/14 02:15:16.061: [nrf] INFO: [20ad8204-6a6f-41ee-a377-970a415d31ef] NF de-registered (../src/nrf/nf-sm.c:205)
10/14 03:06:24.873: [nrf] INFO: [553658ac-6a79-41ee-9210-837e5a2be5fa] NF registered [Heartbeat:10s] (../src/nrf/nf-sm.c:190)
10/14 03:06:24.875: [nrf] INFO: [553da8dc-6a79-41ee-befc-d72444f15d25] Subscription created until 2023-10-15T03:06:24.875550-07:00 [validity_duration:86400] (../src/nrf/nnrf-handler.c:375)
10/14 03:06:24.875: [nrf] INFO: [553dad46-6a79-41ee-befc-d72444f15d25] Subscription created until 2023-10-15T03:06:24.875660-07:00 [validity_duration:86400] (../src/nrf/nnrf-handler.c:375)
10/14 03:06:24.875: [nrf] INFO: [553dba02-6a79-41ee-befc-d72444f15d25] Subscription created until 2023-10-15T03:06:24.875987-07:00 [validity_duration:86400] (../src/nrf/nnrf-handler.c:375)
10/14 03:06:24.876: [nrf] INFO: [553dbfc0-6a79-41ee-befc-d72444f15d25] Subscription created until 2023-10-15T03:06:24.876133-07:00 [validity_duration:86400] (../src/nrf/nnrf-handler.c:375)
10/14 03:07:37.031: [nrf] INFO: [553658ac-6a79-41ee-9210-837e5a2be5fa] NF de-registered (../src/nrf/nf-sm.c:205)
10/14 03:07:53.872: [nrf] INFO: [8a3ad582-6a79-41ee-a883-2fa84c9f5b12] NF registered [Heartbeat:10s] (../src/nrf/nf-sm.c:190)
10/14 03:07:53.874: [nrf] INFO: [8a49cc5e-6a79-41ee-befc-d72444f15d25] Subscription created until 2023-10-15T03:07:53.874346-07:00 [validity_duration:86400] (../src/nrf/nnrf-handler.c:375)
10/14 03:07:53.874: [nrf] INFO: [8a49cea2-6a79-41ee-befc-d72444f15d25] Subscription created until 2023-10-15T03:07:53.874401-07:00 [validity_duration:86400] (../src/nrf/nnrf-handler.c:375)
10/14 03:07:53.874: [nrf] INFO: [8a49d050-6a79-41ee-befc-d72444f15d25] Subscription created until 2023-10-15T03:07:53.874443-07:00 [validity_duration:86400] (../src/nrf/nnrf-handler.c:375)
10/14 03:07:53.874: [nrf] INFO: [8a49d208-6a79-41ee-befc-d72444f15d25] Subscription created until 2023-10-15T03:07:53.874487-07:00 [validity_duration:86400] (../src/nrf/nnrf-handler.c:375)
10/14 03:09:54.723: [nrf] INFO: [d249d2ce-6a79-41ee-a7a6-11503b82ee95] NF registered [Heartbeat:10s] (../src/nrf/nf-sm.c:190)
10/14 03:09:54.726: [nrf] INFO: [d2525a5c-6a79-41ee-befc-d72444f15d25] Subscription created until 2023-10-15T03:09:54.726382-07:00 [validity_duration:86400] (../src/nrf/nnrf-handler.c:375)
10/14 03:09:54.726: [nrf] INFO: [d2526e98-6a79-41ee-befc-d72444f15d25] Subscription created until 2023-10-15T03:09:54.726883-07:00 [validity_duration:86400] (../src/nrf/nnrf-handler.c:375)
10/14 03:09:54.727: [nrf] INFO: [d252804a-6a79-41ee-befc-d72444f15d25] Subscription created until 2023-10-15T03:09:54.727336-07:00 [validity_duration:86400] (../src/nrf/nnrf-handler.c:375)
10/14 03:09:54.727: [nrf] INFO: [d25291f2-6a79-41ee-befc-d72444f15d25] Subscription created until 2023-10-15T03:09:54.727788-07:00 [validity_duration:86400] (../src/nrf/nnrf-handler.c:375)
10/14 06:54:32.882: [nrf] INFO: [5a3d5d54-6a6b-41ee-9e88-dd8ab08dd325] NF de-registered (../src/nrf/nf-sm.c:205)
10/14 06:54:34.008: [nrf] INFO: [5a3d5d54-6a6b-41ee-9e88-dd8ab08dd325] NF registered [Heartbeat:10s] (../src/nrf/nf-sm.c:190)
10/14 06:54:34.009: [nrf] WARNING: [c8387dac-6a6b-41ee-b53d-afe192bffb57] No heartbeat (../src/nrf/nrf-sm.c:260)
10/14 06:54:34.009: [nrf] INFO: [c8387dac-6a6b-41ee-b53d-afe192bffb57] NF de-registered (../src/nrf/nf-sm.c:205)
10/14 06:54:34.051: [nrf] WARNING: Not found [c8387dac-6a6b-41ee-b53d-afe192bffb57] (../src/nrf/nrf-sm.c:143)
10/14 06:54:34.051: [nrf] INFO: [c8387dac-6a6b-41ee-b53d-afe192bffb57] NF registered [Heartbeat:10s] (../src/nrf/nf-sm.c:190)
10/14 06:54:34.610: [nrf] INFO: [5d3383bc-6a6b-41ee-ba00-0d29d0706113] NF de-registered (../src/nrf/nf-sm.c:205)
10/14 06:54:34.671: [nrf] INFO: [5d3383bc-6a6b-41ee-ba00-0d29d0706113] NF registered [Heartbeat:10s] (../src/nrf/nf-sm.c:190)
10/14 06:54:34.707: [nrf] WARNING: Subscription notification failed [404] (../src/nrf/sbi-path.c:46)
10/14 06:54:34.883: [nrf] WARNING: Subscription notification failed [404] (../src/nrf/sbi-path.c:46)
10/14 06:54:35.079: [nrf] WARNING: Subscription notification failed [404] (../src/nrf/sbi-path.c:46)
