Open5GS daemon v2.6.6-9-ge108d62

10/13 08:24:07.368: [app] INFO: Configuration: '/home/mike/Project/open5gs/ogs_install/etc/open5gs/scp.yaml' (../lib/app/ogs-init.c:126)
10/13 08:24:07.368: [app] INFO: File Logging: '/home/mike/Project/open5gs/ogs_install/var/log/open5gs/scp.log' (../lib/app/ogs-init.c:129)
10/13 08:24:07.371: [sbi] INFO: nghttp2_server() [http://127.0.1.10]:7777 (../lib/sbi/nghttp2-server.c:395)
10/13 08:24:07.371: [app] INFO: SCP initialize...done (../src/scp/app.c:31)
10/13 08:24:07.372: [sbi] INFO: [8cf5d238-69dc-41ee-bc98-eba474a5d240] NF registered [Heartbeat:10s] (../lib/sbi/nf-sm.c:214)
10/13 08:24:07.375: [sbi] INFO: [8cf62756-69dc-41ee-98d1-a13f32f1ab88] Subscription created until 2023-10-14T08:24:07.372794-07:00 [duration:86400,validity:86399.997056,patch:43199.998528] (../lib/sbi/nnrf-handler.c:509)
10/13 08:24:07.375: [sbi] INFO: [8cf636a6-69dc-41ee-98d1-a13f32f1ab88] Subscription created until 2023-10-14T08:24:07.373183-07:00 [duration:86400,validity:86399.997353,patch:43199.998676] (../lib/sbi/nnrf-handler.c:509)
10/13 08:24:07.375: [sbi] INFO: [8cf64560-69dc-41ee-98d1-a13f32f1ab88] Subscription created until 2023-10-14T08:24:07.373560-07:00 [duration:86400,validity:86399.997663,patch:43199.998831] (../lib/sbi/nnrf-handler.c:509)
10/13 08:24:07.375: [sbi] INFO: [8cf6538e-69dc-41ee-98d1-a13f32f1ab88] Subscription created until 2023-10-14T08:24:07.373930-07:00 [duration:86400,validity:86399.997975,patch:43199.998987] (../lib/sbi/nnrf-handler.c:509)
10/13 08:24:07.376: [sbi] INFO: [8cf661ee-69dc-41ee-98d1-a13f32f1ab88] Subscription created until 2023-10-14T08:24:07.374291-07:00 [duration:86400,validity:86399.998279,patch:43199.999139] (../lib/sbi/nnrf-handler.c:509)
10/13 08:24:07.376: [sbi] INFO: [8cf671a2-69dc-41ee-98d1-a13f32f1ab88] Subscription created until 2023-10-14T08:24:07.374693-07:00 [duration:86400,validity:86399.998625,patch:43199.999312] (../lib/sbi/nnrf-handler.c:509)
10/13 08:24:07.376: [sbi] INFO: [8cf67f62-69dc-41ee-98d1-a13f32f1ab88] Subscription created until 2023-10-14T08:24:07.375045-07:00 [duration:86400,validity:86399.998920,patch:43199.999460] (../lib/sbi/nnrf-handler.c:509)
10/13 08:24:07.376: [sbi] INFO: [8cf68de0-69dc-41ee-98d1-a13f32f1ab88] Subscription created until 2023-10-14T08:24:07.375416-07:00 [duration:86400,validity:86399.999232,patch:43199.999616] (../lib/sbi/nnrf-handler.c:509)
10/13 08:24:27.389: [sbi] WARNING: [7] Failed to connect to 127.0.0.1 port 7777: Connection refused (../lib/sbi/client.c:626)
10/13 08:24:27.389: [sbi] WARNING: ogs_sbi_client_handler() failed [-1] (../lib/sbi/path.c:59)
10/13 08:24:28.380: [sbi] ERROR: [8cf5d238-69dc-41ee-bc98-eba474a5d240:SCP] No heartbeat (../lib/sbi/nf-sm.c:307)
10/13 08:24:28.380: [sbi] INFO: [8cf5d238-69dc-41ee-bc98-eba474a5d240] NF de-registered (../lib/sbi/nf-sm.c:240)
10/13 08:24:28.381: [sbi] WARNING: [7] Failed to connect to 127.0.0.1 port 7777: Connection refused (../lib/sbi/client.c:626)
10/13 08:24:28.381: [sbi] WARNING: ogs_sbi_client_handler() failed [-1] (../lib/sbi/path.c:59)
10/13 08:24:28.381: [sbi] WARNING: [7] Failed to connect to 127.0.0.1 port 7777: Connection refused (../lib/sbi/client.c:626)
10/13 08:24:28.381: [sbi] WARNING: ogs_sbi_client_handler() failed [-1] (../lib/sbi/path.c:59)
10/13 08:24:39.392: [sbi] WARNING: [8cf5d238-69dc-41ee-bc98-eba474a5d240] Retry to registration with NRF (../lib/sbi/nf-sm.c:175)
10/13 08:24:39.392: [sbi] WARNING: [7] Failed to connect to 127.0.0.1 port 7777: Connection refused (../lib/sbi/client.c:626)
10/13 08:24:39.392: [sbi] WARNING: ogs_sbi_client_handler() failed [-1] (../lib/sbi/path.c:59)
10/13 08:24:50.404: [sbi] WARNING: [8cf5d238-69dc-41ee-bc98-eba474a5d240] Retry to registration with NRF (../lib/sbi/nf-sm.c:175)
10/13 08:24:50.404: [sbi] WARNING: [7] Failed to connect to 127.0.0.1 port 7777: Connection refused (../lib/sbi/client.c:626)
10/13 08:24:50.404: [sbi] WARNING: ogs_sbi_client_handler() failed [-1] (../lib/sbi/path.c:59)
10/13 08:25:01.416: [sbi] WARNING: [8cf5d238-69dc-41ee-bc98-eba474a5d240] Retry to registration with NRF (../lib/sbi/nf-sm.c:175)
10/13 08:25:01.416: [sbi] WARNING: [7] Failed to connect to 127.0.0.1 port 7777: Connection refused (../lib/sbi/client.c:626)
10/13 08:25:01.416: [sbi] WARNING: ogs_sbi_client_handler() failed [-1] (../lib/sbi/path.c:59)
10/13 08:25:02.877: [app] INFO: SIGINT received (../src/main.c:53)
10/13 08:25:02.877: [app] INFO: Open5GS daemon terminating... (../src/main.c:226)
10/13 08:25:02.879: [app] INFO: SCP terminate...done (../src/scp/app.c:39)
Open5GS daemon v2.6.6-9-ge108d62

10/13 08:25:22.608: [app] INFO: Configuration: '/home/mike/Project/open5gs/ogs_install/etc/open5gs/scp.yaml' (../lib/app/ogs-init.c:126)
10/13 08:25:22.608: [app] INFO: File Logging: '/home/mike/Project/open5gs/ogs_install/var/log/open5gs/scp.log' (../lib/app/ogs-init.c:129)
10/13 08:25:22.610: [sbi] INFO: nghttp2_server() [http://127.0.1.10]:7777 (../lib/sbi/nghttp2-server.c:395)
10/13 08:25:22.610: [app] INFO: SCP initialize...done (../src/scp/app.c:31)
10/13 08:25:22.611: [sbi] INFO: [b9ce7e7c-69dc-41ee-b599-0d5e7b1f6ab2] NF registered [Heartbeat:10s] (../lib/sbi/nf-sm.c:214)
10/13 08:25:22.613: [sbi] INFO: [b9ceb950-69dc-41ee-aa2e-75a18b892361] Subscription created until 2023-10-14T08:25:22.611875-07:00 [duration:86400,validity:86399.998249,patch:43199.999124] (../lib/sbi/nnrf-handler.c:509)
10/13 08:25:22.613: [sbi] INFO: [b9cec418-69dc-41ee-aa2e-75a18b892361] Subscription created until 2023-10-14T08:25:22.612129-07:00 [duration:86400,validity:86399.998456,patch:43199.999228] (../lib/sbi/nnrf-handler.c:509)
10/13 08:25:22.613: [sbi] INFO: [b9ceccba-69dc-41ee-aa2e-75a18b892361] Subscription created until 2023-10-14T08:25:22.612350-07:00 [duration:86400,validity:86399.998639,patch:43199.999319] (../lib/sbi/nnrf-handler.c:509)
10/13 08:25:22.613: [sbi] INFO: [b9ced4d0-69dc-41ee-aa2e-75a18b892361] Subscription created until 2023-10-14T08:25:22.612558-07:00 [duration:86400,validity:86399.998813,patch:43199.999406] (../lib/sbi/nnrf-handler.c:509)
10/13 08:25:22.613: [sbi] INFO: [b9cedcc8-69dc-41ee-aa2e-75a18b892361] Subscription created until 2023-10-14T08:25:22.612761-07:00 [duration:86400,validity:86399.998983,patch:43199.999491] (../lib/sbi/nnrf-handler.c:509)
10/13 08:25:22.613: [sbi] INFO: [b9cee722-69dc-41ee-aa2e-75a18b892361] Subscription created until 2023-10-14T08:25:22.613026-07:00 [duration:86400,validity:86399.999177,patch:43199.999588] (../lib/sbi/nnrf-handler.c:509)
10/13 08:25:22.613: [sbi] INFO: [b9ceef4c-69dc-41ee-aa2e-75a18b892361] Subscription created until 2023-10-14T08:25:22.613236-07:00 [duration:86400,validity:86399.999324,patch:43199.999662] (../lib/sbi/nnrf-handler.c:509)
10/13 08:25:22.613: [sbi] INFO: [b9cef73a-69dc-41ee-aa2e-75a18b892361] Subscription created until 2023-10-14T08:25:22.613438-07:00 [duration:86400,validity:86399.999449,patch:43199.999724] (../lib/sbi/nnrf-handler.c:509)
10/13 08:26:47.502: [app] INFO: SIGINT received (../src/main.c:53)
10/13 08:26:47.502: [app] INFO: Open5GS daemon terminating... (../src/main.c:226)
10/13 08:26:47.502: [sbi] INFO: [b9ce7e7c-69dc-41ee-b599-0d5e7b1f6ab2] NF de-registered (../lib/sbi/nf-sm.c:240)
10/13 08:26:47.504: [app] INFO: SCP terminate...done (../src/scp/app.c:39)
Open5GS daemon v2.6.6-9-ge108d62

10/13 08:28:32.187: [app] INFO: Configuration: '/home/mike/Project/open5gs/ogs_install/etc/open5gs/scp.yaml' (../lib/app/ogs-init.c:126)
10/13 08:28:32.187: [app] INFO: File Logging: '/home/mike/Project/open5gs/ogs_install/var/log/open5gs/scp.log' (../lib/app/ogs-init.c:129)
10/13 08:28:32.190: [sbi] INFO: nghttp2_server() [http://127.0.1.10]:7777 (../lib/sbi/nghttp2-server.c:395)
10/13 08:28:32.190: [app] INFO: SCP initialize...done (../src/scp/app.c:31)
10/13 08:28:32.191: [sbi] INFO: [2ace0c50-69dd-41ee-8fcd-292e96fba6e4] NF registered [Heartbeat:10s] (../lib/sbi/nf-sm.c:214)
10/13 08:28:32.194: [sbi] INFO: [2ace58d6-69dd-41ee-9bf6-1b2d555c61cf] Subscription created until 2023-10-14T08:28:32.191957-07:00 [duration:86400,validity:86399.997016,patch:43199.998508] (../lib/sbi/nnrf-handler.c:509)
10/13 08:28:32.195: [sbi] INFO: [2ace689e-69dd-41ee-9bf6-1b2d555c61cf] Subscription created until 2023-10-14T08:28:32.192332-07:00 [duration:86400,validity:86399.997331,patch:43199.998665] (../lib/sbi/nnrf-handler.c:509)
10/13 08:28:32.195: [sbi] INFO: [2ace7550-69dd-41ee-9bf6-1b2d555c61cf] Subscription created until 2023-10-14T08:28:32.192656-07:00 [duration:86400,validity:86399.997582,patch:43199.998791] (../lib/sbi/nnrf-handler.c:509)
10/13 08:28:32.195: [sbi] INFO: [2ace81c6-69dd-41ee-9bf6-1b2d555c61cf] Subscription created until 2023-10-14T08:28:32.192975-07:00 [duration:86400,validity:86399.997839,patch:43199.998919] (../lib/sbi/nnrf-handler.c:509)
10/13 08:28:32.195: [sbi] INFO: [2ace8dc4-69dd-41ee-9bf6-1b2d555c61cf] Subscription created until 2023-10-14T08:28:32.193281-07:00 [duration:86400,validity:86399.998084,patch:43199.999042] (../lib/sbi/nnrf-handler.c:509)
10/13 08:28:32.195: [sbi] INFO: [2ace99a4-69dd-41ee-9bf6-1b2d555c61cf] Subscription created until 2023-10-14T08:28:32.193585-07:00 [duration:86400,validity:86399.998287,patch:43199.999143] (../lib/sbi/nnrf-handler.c:509)
10/13 08:28:32.195: [sbi] INFO: [2aceaa70-69dd-41ee-9bf6-1b2d555c61cf] Subscription created until 2023-10-14T08:28:32.194016-07:00 [duration:86400,validity:86399.998656,patch:43199.999328] (../lib/sbi/nnrf-handler.c:509)
10/13 08:28:32.195: [sbi] INFO: [2acebec0-69dd-41ee-9bf6-1b2d555c61cf] Subscription created until 2023-10-14T08:28:32.194536-07:00 [duration:86400,validity:86399.999113,patch:43199.999556] (../lib/sbi/nnrf-handler.c:509)
10/13 08:30:02.270: [sbi] WARNING: [7] Failed to connect to 127.0.0.1 port 7778: Connection refused (../lib/sbi/client.c:626)
10/13 08:30:02.270: [sbi] WARNING: ogs_sbi_client_handler() failed [-1] (../lib/sbi/path.c:59)
10/13 08:30:03.266: [sbi] ERROR: [2ace0c50-69dd-41ee-8fcd-292e96fba6e4:SCP] No heartbeat (../lib/sbi/nf-sm.c:307)
10/13 08:30:03.266: [sbi] INFO: [2ace0c50-69dd-41ee-8fcd-292e96fba6e4] NF de-registered (../lib/sbi/nf-sm.c:240)
10/13 08:30:03.266: [sbi] WARNING: [7] Failed to connect to 127.0.0.1 port 7778: Connection refused (../lib/sbi/client.c:626)
10/13 08:30:03.266: [sbi] WARNING: ogs_sbi_client_handler() failed [-1] (../lib/sbi/path.c:59)
10/13 08:30:03.266: [sbi] WARNING: [7] Failed to connect to 127.0.0.1 port 7778: Connection refused (../lib/sbi/client.c:626)
10/13 08:30:03.266: [sbi] WARNING: ogs_sbi_client_handler() failed [-1] (../lib/sbi/path.c:59)
10/13 08:30:14.277: [sbi] WARNING: [2ace0c50-69dd-41ee-8fcd-292e96fba6e4] Retry to registration with NRF (../lib/sbi/nf-sm.c:175)
10/13 08:30:14.277: [sbi] WARNING: [7] Failed to connect to 127.0.0.1 port 7778: Connection refused (../lib/sbi/client.c:626)
10/13 08:30:14.277: [sbi] WARNING: ogs_sbi_client_handler() failed [-1] (../lib/sbi/path.c:59)
10/13 08:30:18.365: [app] INFO: SIGINT received (../src/main.c:53)
10/13 08:30:18.365: [app] INFO: Open5GS daemon terminating... (../src/main.c:226)
10/13 08:30:18.366: [app] INFO: SCP terminate...done (../src/scp/app.c:39)
Open5GS daemon v2.6.6-9-ge108d62

10/13 08:34:25.600: [app] INFO: Configuration: '/home/mike/Project/open5gs/ogs_install/etc/open5gs/scp.yaml' (../lib/app/ogs-init.c:126)
10/13 08:34:25.600: [app] INFO: File Logging: '/home/mike/Project/open5gs/ogs_install/var/log/open5gs/scp.log' (../lib/app/ogs-init.c:129)
10/13 08:34:25.603: [sbi] INFO: nghttp2_server() [http://127.0.0.1]:7777 (../lib/sbi/nghttp2-server.c:395)
10/13 08:34:25.604: [app] INFO: SCP initialize...done (../src/scp/app.c:31)
10/13 08:34:25.605: [sbi] INFO: [fd74a4e8-69dd-41ee-91bb-773b110763f7] NF registered [Heartbeat:10s] (../lib/sbi/nf-sm.c:214)
10/13 08:34:25.607: [sbi] INFO: [fd751cc0-69dd-41ee-83e2-b1b80c501272] Subscription created until 2023-10-14T08:34:25.606385-07:00 [duration:86400,validity:86399.999189,patch:43199.999594] (../lib/sbi/nnrf-handler.c:509)
10/13 08:34:25.607: [sbi] INFO: [fd75236e-69dd-41ee-83e2-b1b80c501272] Subscription created until 2023-10-14T08:34:25.606546-07:00 [duration:86400,validity:86399.999155,patch:43199.999577] (../lib/sbi/nnrf-handler.c:509)
10/13 08:34:25.607: [sbi] INFO: [fd7526f2-69dd-41ee-83e2-b1b80c501272] Subscription created until 2023-10-14T08:34:25.606634-07:00 [duration:86400,validity:86399.999074,patch:43199.999537] (../lib/sbi/nnrf-handler.c:509)
10/13 08:34:25.607: [sbi] INFO: [fd7531c4-69dd-41ee-83e2-b1b80c501272] Subscription created until 2023-10-14T08:34:25.606918-07:00 [duration:86400,validity:86399.999128,patch:43199.999564] (../lib/sbi/nnrf-handler.c:509)
10/13 08:34:25.607: [sbi] INFO: [fd7534bc-69dd-41ee-83e2-b1b80c501272] Subscription created until 2023-10-14T08:34:25.606987-07:00 [duration:86400,validity:86399.999075,patch:43199.999537] (../lib/sbi/nnrf-handler.c:509)
10/13 08:34:25.608: [sbi] INFO: [fd75378c-69dd-41ee-83e2-b1b80c501272] Subscription created until 2023-10-14T08:34:25.607059-07:00 [duration:86400,validity:86399.998984,patch:43199.999492] (../lib/sbi/nnrf-handler.c:509)
10/13 08:34:25.608: [sbi] INFO: [fd753a8e-69dd-41ee-83e2-b1b80c501272] Subscription created until 2023-10-14T08:34:25.607136-07:00 [duration:86400,validity:86399.998939,patch:43199.999469] (../lib/sbi/nnrf-handler.c:509)
10/13 08:34:25.608: [sbi] INFO: [fd753d72-69dd-41ee-83e2-b1b80c501272] Subscription created until 2023-10-14T08:34:25.607210-07:00 [duration:86400,validity:86399.998875,patch:43199.999437] (../lib/sbi/nnrf-handler.c:509)
10/13 08:34:27.472: [sbi] INFO: [8f9b9d8c-69dd-41ee-89bf-0de325163deb] (NRF-notify) NF registered (../lib/sbi/nnrf-handler.c:725)
10/13 08:34:27.472: [sbi] INFO: [8f9b9d8c-69dd-41ee-89bf-0de325163deb] (NRF-notify) NF Profile updated (../lib/sbi/nnrf-handler.c:735)
10/13 08:34:29.418: [sbi] INFO: [8a378a90-69dd-41ee-a454-c391fdcb5345] (NRF-notify) NF registered (../lib/sbi/nnrf-handler.c:725)
10/13 08:34:29.418: [sbi] INFO: [8a378a90-69dd-41ee-a454-c391fdcb5345] (NRF-notify) NF Profile updated (../lib/sbi/nnrf-handler.c:735)
10/13 08:34:29.558: [sbi] INFO: [78fca828-69dd-41ee-af39-df55ae4dfe9a] (NRF-notify) NF registered (../lib/sbi/nnrf-handler.c:725)
10/13 08:34:29.558: [sbi] INFO: [78fca828-69dd-41ee-af39-df55ae4dfe9a] (NRF-notify) NF Profile updated (../lib/sbi/nnrf-handler.c:735)
10/13 08:34:30.103: [sbi] INFO: [853f60da-69dd-41ee-ae16-a13e978b250d] (NRF-notify) NF registered (../lib/sbi/nnrf-handler.c:725)
10/13 08:34:30.103: [sbi] INFO: [853f60da-69dd-41ee-ae16-a13e978b250d] (NRF-notify) NF Profile updated (../lib/sbi/nnrf-handler.c:735)
10/13 08:34:30.173: [sbi] INFO: [7f4ebc20-69dd-41ee-8717-eff0ace9ef8d] (NRF-notify) NF registered (../lib/sbi/nnrf-handler.c:725)
10/13 08:34:30.173: [sbi] INFO: [7f4ebc20-69dd-41ee-8717-eff0ace9ef8d] (NRF-notify) NF Profile updated (../lib/sbi/nnrf-handler.c:735)
10/13 08:34:30.989: [sbi] INFO: [8bbc8794-69dd-41ee-8e08-856c8309c0b7] (NRF-notify) NF registered (../lib/sbi/nnrf-handler.c:725)
10/13 08:34:30.989: [sbi] INFO: [8bbc8794-69dd-41ee-8e08-856c8309c0b7] (NRF-notify) NF Profile updated (../lib/sbi/nnrf-handler.c:735)
10/13 08:34:32.571: [sbi] INFO: [86b9723e-69dd-41ee-b4b7-93fa4da88770] (NRF-notify) NF registered (../lib/sbi/nnrf-handler.c:725)
10/13 08:34:32.571: [sbi] INFO: [86b9723e-69dd-41ee-b4b7-93fa4da88770] (NRF-notify) NF Profile updated (../lib/sbi/nnrf-handler.c:735)
10/13 08:37:10.178: [sbi] INFO: [5f8c74f8-69de-41ee-94d0-255a7e54a6eb] (NRF-notify) NF registered (../lib/sbi/nnrf-handler.c:725)
10/13 08:37:10.178: [sbi] INFO: [5f8c74f8-69de-41ee-94d0-255a7e54a6eb] (NRF-notify) NF Profile updated (../lib/sbi/nnrf-handler.c:735)
10/13 20:34:25.615: [scp] INFO: [fd751cc0-69dd-41ee-83e2-b1b80c501272] Need to update Subscription (../src/scp/scp-sm.c:268)
10/13 20:34:25.617: [scp] INFO: [fd75236e-69dd-41ee-83e2-b1b80c501272] Need to update Subscription (../src/scp/scp-sm.c:268)
10/13 20:34:25.617: [scp] INFO: [fd7526f2-69dd-41ee-83e2-b1b80c501272] Need to update Subscription (../src/scp/scp-sm.c:268)
10/13 20:34:25.617: [scp] INFO: [fd7531c4-69dd-41ee-83e2-b1b80c501272] Need to update Subscription (../src/scp/scp-sm.c:268)
10/13 20:34:25.617: [scp] INFO: [fd7534bc-69dd-41ee-83e2-b1b80c501272] Need to update Subscription (../src/scp/scp-sm.c:268)
10/13 20:34:25.617: [scp] INFO: [fd75378c-69dd-41ee-83e2-b1b80c501272] Need to update Subscription (../src/scp/scp-sm.c:268)
10/13 20:34:25.617: [scp] INFO: [fd753a8e-69dd-41ee-83e2-b1b80c501272] Need to update Subscription (../src/scp/scp-sm.c:268)
10/13 20:34:25.618: [scp] INFO: [fd753d72-69dd-41ee-83e2-b1b80c501272] Need to update Subscription (../src/scp/scp-sm.c:268)
10/13 20:34:25.626: [sbi] INFO: [fd751cc0-69dd-41ee-83e2-b1b80c501272] Subscription updated until 2023-10-14T20:34:25.620047-07:00 [duration:86400,validity:86399.995535,patch:43199.997767] (../lib/sbi/nnrf-handler.c:509)
10/13 20:34:25.627: [sbi] INFO: [fd75236e-69dd-41ee-83e2-b1b80c501272] Subscription updated until 2023-10-14T20:34:25.621837-07:00 [duration:86400,validity:86399.994988,patch:43199.997494] (../lib/sbi/nnrf-handler.c:509)
10/13 20:34:25.630: [sbi] INFO: [fd7526f2-69dd-41ee-83e2-b1b80c501272] Subscription updated until 2023-10-14T20:34:25.622435-07:00 [duration:86400,validity:86399.993948,patch:43199.996974] (../lib/sbi/nnrf-handler.c:509)
10/13 20:34:25.631: [sbi] INFO: [fd7531c4-69dd-41ee-83e2-b1b80c501272] Subscription updated until 2023-10-14T20:34:25.622828-07:00 [duration:86400,validity:86399.991853,patch:43199.995926] (../lib/sbi/nnrf-handler.c:509)
10/13 20:34:25.631: [sbi] INFO: [fd7534bc-69dd-41ee-83e2-b1b80c501272] Subscription updated until 2023-10-14T20:34:25.622958-07:00 [duration:86400,validity:86399.991756,patch:43199.995878] (../lib/sbi/nnrf-handler.c:509)
10/13 20:34:25.631: [sbi] INFO: [fd75378c-69dd-41ee-83e2-b1b80c501272] Subscription updated until 2023-10-14T20:34:25.623334-07:00 [duration:86400,validity:86399.991963,patch:43199.995981] (../lib/sbi/nnrf-handler.c:509)
10/13 20:34:25.631: [sbi] INFO: [fd753a8e-69dd-41ee-83e2-b1b80c501272] Subscription updated until 2023-10-14T20:34:25.623457-07:00 [duration:86400,validity:86399.991932,patch:43199.995966] (../lib/sbi/nnrf-handler.c:509)
10/13 20:34:25.632: [sbi] INFO: [fd753d72-69dd-41ee-83e2-b1b80c501272] Subscription updated until 2023-10-14T20:34:25.623699-07:00 [duration:86400,validity:86399.990764,patch:43199.995382] (../lib/sbi/nnrf-handler.c:509)
10/14 01:24:15.103: [sbi] INFO: RST_STREAM received: stream_id=12157 (../lib/sbi/nghttp2-server.c:1186)
10/14 01:24:15.114: [sbi] ERROR: on_stream_close_callback() failed (5:STREAM_CLOSED) (../lib/sbi/nghttp2-server.c:1218)
10/14 01:24:15.238: [sbi] ERROR: stream has already been removed (../lib/sbi/nghttp2-server.c:565)
10/14 01:24:15.299: [sbi] INFO: [78fca828-69dd-41ee-af39-df55ae4dfe9a:1] NF removed (../lib/sbi/nnrf-handler.c:750)
10/14 01:24:19.067: [sbi] INFO: [11ee6af2-6a6b-41ee-b9a7-a9c3820d744f] (NRF-notify) NF registered (../lib/sbi/nnrf-handler.c:725)
10/14 01:24:19.073: [sbi] INFO: [11ee6af2-6a6b-41ee-b9a7-a9c3820d744f] (NRF-notify) NF Profile updated (../lib/sbi/nnrf-handler.c:735)
10/14 01:24:25.938: [sbi] WARNING: [7] Failed to connect to 127.0.0.1 port 7778: Connection refused (../lib/sbi/client.c:626)
10/14 01:24:25.938: [scp] WARNING: response_handler() failed [-1] (../src/scp/sbi-path.c:539)
10/14 01:24:28.794: [sbi] WARNING: [fd74a4e8-69dd-41ee-91bb-773b110763f7] HTTP response error [404] (../lib/sbi/nf-sm.c:274)
10/14 01:24:28.794: [sbi] INFO: [fd74a4e8-69dd-41ee-91bb-773b110763f7] NF de-registered (../lib/sbi/nf-sm.c:240)
10/14 01:24:30.795: [sbi] WARNING: [fd74a4e8-69dd-41ee-91bb-773b110763f7] Retry to registration with NRF (../lib/sbi/nf-sm.c:402)
10/14 01:24:30.796: [sbi] INFO: [fd74a4e8-69dd-41ee-91bb-773b110763f7] NF registered [Heartbeat:10s] (../lib/sbi/nf-sm.c:214)
10/14 01:24:30.822: [sbi] INFO: [18fb0490-6a6b-41ee-befc-d72444f15d25] Subscription created until 2023-10-15T01:24:30.821298-07:00 [duration:86400,validity:86399.998683,patch:43199.999341] (../lib/sbi/nnrf-handler.c:509)
10/14 01:24:30.822: [sbi] INFO: [18fb0850-6a6b-41ee-befc-d72444f15d25] Subscription created until 2023-10-15T01:24:30.821390-07:00 [duration:86400,validity:86399.998734,patch:43199.999367] (../lib/sbi/nnrf-handler.c:509)
10/14 01:24:30.822: [sbi] INFO: [18fb0b2a-6a6b-41ee-befc-d72444f15d25] Subscription created until 2023-10-15T01:24:30.821462-07:00 [duration:86400,validity:86399.998736,patch:43199.999368] (../lib/sbi/nnrf-handler.c:509)
10/14 01:24:30.822: [sbi] INFO: [18fb0d64-6a6b-41ee-befc-d72444f15d25] Subscription created until 2023-10-15T01:24:30.821517-07:00 [duration:86400,validity:86399.998749,patch:43199.999374] (../lib/sbi/nnrf-handler.c:509)
10/14 01:24:30.822: [sbi] INFO: [18fb0f76-6a6b-41ee-befc-d72444f15d25] Subscription created until 2023-10-15T01:24:30.821570-07:00 [duration:86400,validity:86399.998733,patch:43199.999366] (../lib/sbi/nnrf-handler.c:509)
10/14 01:24:30.822: [sbi] INFO: [18fb1462-6a6b-41ee-befc-d72444f15d25] Subscription created until 2023-10-15T01:24:30.821697-07:00 [duration:86400,validity:86399.998835,patch:43199.999417] (../lib/sbi/nnrf-handler.c:509)
10/14 01:24:30.822: [sbi] INFO: [18fb15e8-6a6b-41ee-befc-d72444f15d25] Subscription created until 2023-10-15T01:24:30.821735-07:00 [duration:86400,validity:86399.998826,patch:43199.999413] (../lib/sbi/nnrf-handler.c:509)
10/14 01:24:30.823: [sbi] INFO: [18fb17fa-6a6b-41ee-befc-d72444f15d25] Subscription created until 2023-10-15T01:24:30.821788-07:00 [duration:86400,validity:86399.998798,patch:43199.999399] (../lib/sbi/nnrf-handler.c:509)
10/14 01:24:31.086: [sbi] WARNING: [11ee6af2-6a6b-41ee-b9a7-a9c3820d744f] (NRF-notify) NF has already been added (../lib/sbi/nnrf-handler.c:729)
10/14 01:24:31.086: [sbi] INFO: [11ee6af2-6a6b-41ee-b9a7-a9c3820d744f] (NRF-notify) NF Profile updated (../lib/sbi/nnrf-handler.c:735)
10/14 01:24:31.086: [sbi] WARNING: NF EndPoint updated [127.0.0.1:80] (../lib/sbi/context.c:1623)
10/14 01:24:31.086: [sbi] WARNING: NF EndPoint updated [127.0.0.1:1110] (../lib/sbi/context.c:1532)
10/14 01:24:33.750: [sbi] WARNING: [7f4ebc20-69dd-41ee-8717-eff0ace9ef8d] (NRF-notify) NF has already been added (../lib/sbi/nnrf-handler.c:729)
10/14 01:24:33.750: [sbi] INFO: [7f4ebc20-69dd-41ee-8717-eff0ace9ef8d] (NRF-notify) NF Profile updated (../lib/sbi/nnrf-handler.c:735)
10/14 01:24:33.750: [sbi] WARNING: NF EndPoint updated [127.0.0.1:80] (../lib/sbi/context.c:1623)
10/14 01:24:33.750: [sbi] WARNING: NF EndPoint updated [127.0.0.1:2220] (../lib/sbi/context.c:1532)
10/14 01:24:34.899: [sbi] WARNING: [8f9b9d8c-69dd-41ee-89bf-0de325163deb] (NRF-notify) NF has already been added (../lib/sbi/nnrf-handler.c:729)
10/14 01:24:34.899: [sbi] INFO: [8f9b9d8c-69dd-41ee-89bf-0de325163deb] (NRF-notify) NF Profile updated (../lib/sbi/nnrf-handler.c:735)
10/14 01:24:34.899: [sbi] WARNING: NF EndPoint updated [127.0.0.1:80] (../lib/sbi/context.c:1623)
10/14 01:24:34.899: [sbi] WARNING: NF EndPoint updated [127.0.0.1:8880] (../lib/sbi/context.c:1532)
10/14 01:24:35.847: [sbi] WARNING: [8a378a90-69dd-41ee-a454-c391fdcb5345] (NRF-notify) NF has already been added (../lib/sbi/nnrf-handler.c:729)
10/14 01:24:35.847: [sbi] INFO: [8a378a90-69dd-41ee-a454-c391fdcb5345] (NRF-notify) NF Profile updated (../lib/sbi/nnrf-handler.c:735)
10/14 01:24:35.847: [sbi] WARNING: NF EndPoint updated [127.0.0.1:80] (../lib/sbi/context.c:1623)
10/14 01:24:35.847: [sbi] WARNING: NF EndPoint updated [127.0.0.1:6660] (../lib/sbi/context.c:1532)
10/14 01:24:35.901: [sbi] WARNING: [5f8c74f8-69de-41ee-94d0-255a7e54a6eb] (NRF-notify) NF has already been added (../lib/sbi/nnrf-handler.c:729)
10/14 01:24:35.901: [sbi] INFO: [5f8c74f8-69de-41ee-94d0-255a7e54a6eb] (NRF-notify) NF Profile updated (../lib/sbi/nnrf-handler.c:735)
10/14 01:24:35.901: [sbi] WARNING: NF EndPoint updated [127.0.0.1:80] (../lib/sbi/context.c:1623)
10/14 01:24:35.901: [sbi] WARNING: NF EndPoint updated [127.0.0.1:9990] (../lib/sbi/context.c:1532)
10/14 01:24:35.974: [sbi] WARNING: [853f60da-69dd-41ee-ae16-a13e978b250d] (NRF-notify) NF has already been added (../lib/sbi/nnrf-handler.c:729)
10/14 01:24:35.974: [sbi] INFO: [853f60da-69dd-41ee-ae16-a13e978b250d] (NRF-notify) NF Profile updated (../lib/sbi/nnrf-handler.c:735)
10/14 01:24:35.974: [sbi] WARNING: NF EndPoint updated [127.0.0.1:80] (../lib/sbi/context.c:1623)
10/14 01:24:35.974: [sbi] WARNING: NF EndPoint updated [127.0.0.1:4440] (../lib/sbi/context.c:1532)
10/14 01:24:35.974: [sbi] WARNING: NF EndPoint updated [127.0.0.1:4440] (../lib/sbi/context.c:1532)
10/14 01:24:35.974: [sbi] WARNING: NF EndPoint updated [127.0.0.1:4440] (../lib/sbi/context.c:1532)
10/14 01:24:41.832: [sbi] INFO: [7f4ebc20-69dd-41ee-8717-eff0ace9ef8d:1] NF removed (../lib/sbi/nnrf-handler.c:750)
10/14 01:24:42.334: [sbi] INFO: RST_STREAM received: stream_id=12159 (../lib/sbi/nghttp2-server.c:1186)
10/14 01:24:46.409: [sbi] INFO: [22388578-6a6b-41ee-857d-75c29cf53960] (NRF-notify) NF registered (../lib/sbi/nnrf-handler.c:725)
10/14 01:24:46.409: [sbi] INFO: [22388578-6a6b-41ee-857d-75c29cf53960] (NRF-notify) NF Profile updated (../lib/sbi/nnrf-handler.c:735)
10/14 01:25:06.122: [sbi] INFO: [22388578-6a6b-41ee-857d-75c29cf53960:1] NF removed (../lib/sbi/nnrf-handler.c:750)
10/14 01:25:06.241: [sbi] INFO: RST_STREAM received: stream_id=13 (../lib/sbi/nghttp2-server.c:1186)
10/14 01:25:14.560: [sbi] INFO: [5f8c74f8-69de-41ee-94d0-255a7e54a6eb:1] NF removed (../lib/sbi/nnrf-handler.c:750)
10/14 01:25:14.574: [sbi] INFO: RST_STREAM received: stream_id=12089 (../lib/sbi/nghttp2-server.c:1186)
10/14 01:25:17.047: [sbi] INFO: [34852254-6a6b-41ee-8778-4bbcd2b0b6bb] (NRF-notify) NF registered (../lib/sbi/nnrf-handler.c:725)
10/14 01:25:17.047: [sbi] INFO: [34852254-6a6b-41ee-8778-4bbcd2b0b6bb] (NRF-notify) NF Profile updated (../lib/sbi/nnrf-handler.c:735)
10/14 01:26:18.382: [sbi] INFO: [8a378a90-69dd-41ee-a454-c391fdcb5345:1] NF removed (../lib/sbi/nnrf-handler.c:750)
10/14 01:26:18.388: [sbi] INFO: RST_STREAM received: stream_id=12135 (../lib/sbi/nghttp2-server.c:1186)
10/14 01:26:20.310: [sbi] INFO: [5a3d5d54-6a6b-41ee-9e88-dd8ab08dd325] (NRF-notify) NF registered (../lib/sbi/nnrf-handler.c:725)
10/14 01:26:20.310: [sbi] INFO: [5a3d5d54-6a6b-41ee-9e88-dd8ab08dd325] (NRF-notify) NF Profile updated (../lib/sbi/nnrf-handler.c:735)
10/14 01:26:23.041: [sbi] INFO: [8bbc8794-69dd-41ee-8e08-856c8309c0b7:1] NF removed (../lib/sbi/nnrf-handler.c:750)
10/14 01:26:23.098: [sbi] INFO: RST_STREAM received: stream_id=12155 (../lib/sbi/nghttp2-server.c:1186)
10/14 01:26:25.282: [sbi] INFO: [5d3383bc-6a6b-41ee-ba00-0d29d0706113] (NRF-notify) NF registered (../lib/sbi/nnrf-handler.c:725)
10/14 01:26:25.282: [sbi] INFO: [5d3383bc-6a6b-41ee-ba00-0d29d0706113] (NRF-notify) NF Profile updated (../lib/sbi/nnrf-handler.c:735)
10/14 01:29:08.251: [app] INFO: SIGINT received (../src/main.c:53)
10/14 01:29:08.251: [app] INFO: Open5GS daemon terminating... (../src/main.c:226)
10/14 01:29:08.252: [sbi] INFO: [fd74a4e8-69dd-41ee-91bb-773b110763f7] NF de-registered (../lib/sbi/nf-sm.c:240)
10/14 01:29:08.360: [app] INFO: SCP terminate...done (../src/scp/app.c:39)
Open5GS daemon v2.6.6-9-ge108d62

10/14 01:29:10.573: [app] INFO: Configuration: '/home/mike/Project/open5gs/ogs_install/etc/open5gs/scp.yaml' (../lib/app/ogs-init.c:126)
10/14 01:29:10.573: [app] INFO: File Logging: '/home/mike/Project/open5gs/ogs_install/var/log/open5gs/scp.log' (../lib/app/ogs-init.c:129)
10/14 01:29:10.575: [sbi] INFO: nghttp2_server() [http://127.0.0.1]:7777 (../lib/sbi/nghttp2-server.c:395)
10/14 01:29:10.575: [app] INFO: SCP initialize...done (../src/scp/app.c:31)
10/14 01:29:10.576: [sbi] INFO: [bfba13a2-6a6b-41ee-b1f9-8bf4e8cb37c8] NF registered [Heartbeat:10s] (../lib/sbi/nf-sm.c:214)
10/14 01:29:10.577: [sbi] INFO: [bfba4c8c-6a6b-41ee-befc-d72444f15d25] Subscription created until 2023-10-15T01:29:10.576663-07:00 [duration:86400,validity:86399.999613,patch:43199.999806] (../lib/sbi/nnrf-handler.c:509)
10/14 01:29:10.577: [sbi] INFO: [bfba5182-6a6b-41ee-befc-d72444f15d25] Subscription created until 2023-10-15T01:29:10.576785-07:00 [duration:86400,validity:86399.999480,patch:43199.999740] (../lib/sbi/nnrf-handler.c:509)
10/14 01:29:10.577: [sbi] INFO: [bfba5312-6a6b-41ee-befc-d72444f15d25] Subscription created until 2023-10-15T01:29:10.576825-07:00 [duration:86400,validity:86399.999453,patch:43199.999726] (../lib/sbi/nnrf-handler.c:509)
10/14 01:29:10.577: [sbi] INFO: [bfba54fc-6a6b-41ee-befc-d72444f15d25] Subscription created until 2023-10-15T01:29:10.576873-07:00 [duration:86400,validity:86399.999330,patch:43199.999665] (../lib/sbi/nnrf-handler.c:509)
10/14 01:29:10.577: [sbi] INFO: [bfba5c04-6a6b-41ee-befc-d72444f15d25] Subscription created until 2023-10-15T01:29:10.577055-07:00 [duration:86400,validity:86399.999479,patch:43199.999739] (../lib/sbi/nnrf-handler.c:509)
10/14 01:29:10.577: [sbi] INFO: [bfba5dc6-6a6b-41ee-befc-d72444f15d25] Subscription created until 2023-10-15T01:29:10.577098-07:00 [duration:86400,validity:86399.999459,patch:43199.999729] (../lib/sbi/nnrf-handler.c:509)
10/14 01:29:10.577: [sbi] INFO: [bfba5f06-6a6b-41ee-befc-d72444f15d25] Subscription created until 2023-10-15T01:29:10.577130-07:00 [duration:86400,validity:86399.999441,patch:43199.999720] (../lib/sbi/nnrf-handler.c:509)
10/14 01:29:10.577: [sbi] INFO: [bfba60dc-6a6b-41ee-befc-d72444f15d25] Subscription created until 2023-10-15T01:29:10.577177-07:00 [duration:86400,validity:86399.999435,patch:43199.999717] (../lib/sbi/nnrf-handler.c:509)
10/14 01:29:10.814: [sbi] WARNING: [86b9723e-69dd-41ee-b4b7-93fa4da88770] (NRF-notify) Not found (../lib/sbi/nnrf-handler.c:756)
10/14 01:29:10.840: [sbi] INFO: [86b9723e-69dd-41ee-b4b7-93fa4da88770] (NRF-notify) NF registered (../lib/sbi/nnrf-handler.c:725)
10/14 01:29:10.840: [sbi] INFO: [86b9723e-69dd-41ee-b4b7-93fa4da88770] (NRF-notify) NF Profile updated (../lib/sbi/nnrf-handler.c:735)
10/14 01:29:11.449: [sbi] WARNING: [5a3d5d54-6a6b-41ee-9e88-dd8ab08dd325] (NRF-notify) Not found (../lib/sbi/nnrf-handler.c:756)
10/14 01:29:11.449: [sbi] INFO: [5a3d5d54-6a6b-41ee-9e88-dd8ab08dd325] (NRF-notify) NF registered (../lib/sbi/nnrf-handler.c:725)
10/14 01:29:11.449: [sbi] INFO: [5a3d5d54-6a6b-41ee-9e88-dd8ab08dd325] (NRF-notify) NF Profile updated (../lib/sbi/nnrf-handler.c:735)
10/14 01:29:14.456: [sbi] WARNING: [8f9b9d8c-69dd-41ee-89bf-0de325163deb] (NRF-notify) Not found (../lib/sbi/nnrf-handler.c:756)
10/14 01:29:14.518: [sbi] INFO: RST_STREAM received: stream_id=1 (../lib/sbi/nghttp2-server.c:1186)
10/14 01:29:16.486: [sbi] INFO: [c33da7aa-6a6b-41ee-9425-dd4a35755452] (NRF-notify) NF registered (../lib/sbi/nnrf-handler.c:725)
10/14 01:29:16.486: [sbi] INFO: [c33da7aa-6a6b-41ee-9425-dd4a35755452] (NRF-notify) NF Profile updated (../lib/sbi/nnrf-handler.c:735)
10/14 01:29:22.782: [sbi] INFO: [86b9723e-69dd-41ee-b4b7-93fa4da88770:1] NF removed (../lib/sbi/nnrf-handler.c:750)
10/14 01:29:22.785: [sbi] INFO: RST_STREAM received: stream_id=9 (../lib/sbi/nghttp2-server.c:1186)
10/14 01:29:24.826: [sbi] INFO: [c8387dac-6a6b-41ee-b53d-afe192bffb57] (NRF-notify) NF registered (../lib/sbi/nnrf-handler.c:725)
10/14 01:29:24.826: [sbi] INFO: [c8387dac-6a6b-41ee-b53d-afe192bffb57] (NRF-notify) NF Profile updated (../lib/sbi/nnrf-handler.c:735)
10/14 01:29:27.412: [sbi] WARNING: [853f60da-69dd-41ee-ae16-a13e978b250d] (NRF-notify) Not found (../lib/sbi/nnrf-handler.c:756)
10/14 01:29:27.441: [sbi] INFO: RST_STREAM received: stream_id=5 (../lib/sbi/nghttp2-server.c:1186)
10/14 01:29:29.271: [sbi] INFO: [cade3182-6a6b-41ee-87b0-d3738969fcd5] (NRF-notify) NF registered (../lib/sbi/nnrf-handler.c:725)
10/14 01:29:29.271: [sbi] INFO: [cade3182-6a6b-41ee-87b0-d3738969fcd5] (NRF-notify) NF Profile updated (../lib/sbi/nnrf-handler.c:735)
10/14 01:35:46.882: [sbi] INFO: [abe6ad1c-6a6c-41ee-a56e-a98a920fdece] (NRF-notify) NF registered (../lib/sbi/nnrf-handler.c:725)
10/14 01:35:46.882: [sbi] INFO: [abe6ad1c-6a6c-41ee-a56e-a98a920fdece] (NRF-notify) NF Profile updated (../lib/sbi/nnrf-handler.c:735)
10/14 01:36:55.373: [sbi] INFO: [abe6ad1c-6a6c-41ee-a56e-a98a920fdece:1] NF removed (../lib/sbi/nnrf-handler.c:750)
10/14 01:36:55.486: [sbi] INFO: RST_STREAM received: stream_id=23 (../lib/sbi/nghttp2-server.c:1186)
10/14 01:39:52.060: [sbi] INFO: [3e0976ca-6a6d-41ee-9962-e5e91c58f2ef] (NRF-notify) NF registered (../lib/sbi/nnrf-handler.c:725)
10/14 01:39:52.060: [sbi] INFO: [3e0976ca-6a6d-41ee-9962-e5e91c58f2ef] (NRF-notify) NF Profile updated (../lib/sbi/nnrf-handler.c:735)
10/14 01:42:09.967: [sbi] INFO: [3e0976ca-6a6d-41ee-9962-e5e91c58f2ef:1] NF removed (../lib/sbi/nnrf-handler.c:750)
10/14 01:42:10.078: [sbi] INFO: RST_STREAM received: stream_id=37 (../lib/sbi/nghttp2-server.c:1186)
10/14 01:42:13.720: [sbi] INFO: [92785db6-6a6d-41ee-9181-753deeb1f409] (NRF-notify) NF registered (../lib/sbi/nnrf-handler.c:725)
10/14 01:42:13.720: [sbi] INFO: [92785db6-6a6d-41ee-9181-753deeb1f409] (NRF-notify) NF Profile updated (../lib/sbi/nnrf-handler.c:735)
10/14 01:53:15.023: [sbi] INFO: [92785db6-6a6d-41ee-9181-753deeb1f409:1] NF removed (../lib/sbi/nnrf-handler.c:750)
10/14 01:53:15.678: [sbi] INFO: [1d0c8abe-6a6f-41ee-b1e2-272e2933b5f2] (NRF-notify) NF registered (../lib/sbi/nnrf-handler.c:725)
10/14 01:53:15.678: [sbi] INFO: [1d0c8abe-6a6f-41ee-b1e2-272e2933b5f2] (NRF-notify) NF Profile updated (../lib/sbi/nnrf-handler.c:735)
10/14 01:53:16.947: [sbi] INFO: [1d0c8abe-6a6f-41ee-b1e2-272e2933b5f2:1] NF removed (../lib/sbi/nnrf-handler.c:750)
10/14 01:53:17.067: [sbi] INFO: RST_STREAM received: stream_id=11 (../lib/sbi/nghttp2-server.c:1186)
10/14 01:53:21.784: [sbi] INFO: [20ad8204-6a6f-41ee-a377-970a415d31ef] (NRF-notify) NF registered (../lib/sbi/nnrf-handler.c:725)
10/14 01:53:21.784: [sbi] INFO: [20ad8204-6a6f-41ee-a377-970a415d31ef] (NRF-notify) NF Profile updated (../lib/sbi/nnrf-handler.c:735)
10/14 02:15:16.062: [sbi] INFO: [20ad8204-6a6f-41ee-a377-970a415d31ef:1] NF removed (../lib/sbi/nnrf-handler.c:750)
10/14 02:15:16.169: [sbi] INFO: RST_STREAM received: stream_id=273 (../lib/sbi/nghttp2-server.c:1186)
10/14 03:06:24.874: [sbi] INFO: [553658ac-6a79-41ee-9210-837e5a2be5fa] (NRF-notify) NF registered (../lib/sbi/nnrf-handler.c:725)
10/14 03:06:24.874: [sbi] INFO: [553658ac-6a79-41ee-9210-837e5a2be5fa] (NRF-notify) NF Profile updated (../lib/sbi/nnrf-handler.c:735)
10/14 03:07:37.032: [sbi] INFO: [553658ac-6a79-41ee-9210-837e5a2be5fa:1] NF removed (../lib/sbi/nnrf-handler.c:750)
10/14 03:07:37.165: [sbi] INFO: RST_STREAM received: stream_id=25 (../lib/sbi/nghttp2-server.c:1186)
10/14 03:07:53.873: [sbi] INFO: [8a3ad582-6a79-41ee-a883-2fa84c9f5b12] (NRF-notify) NF registered (../lib/sbi/nnrf-handler.c:725)
10/14 03:07:53.873: [sbi] INFO: [8a3ad582-6a79-41ee-a883-2fa84c9f5b12] (NRF-notify) NF Profile updated (../lib/sbi/nnrf-handler.c:735)
10/14 03:09:54.724: [sbi] INFO: [d249d2ce-6a79-41ee-a7a6-11503b82ee95] (NRF-notify) NF registered (../lib/sbi/nnrf-handler.c:725)
10/14 03:09:54.724: [sbi] INFO: [d249d2ce-6a79-41ee-a7a6-11503b82ee95] (NRF-notify) NF Profile updated (../lib/sbi/nnrf-handler.c:735)
10/14 06:54:34.296: [sbi] INFO: [5a3d5d54-6a6b-41ee-9e88-dd8ab08dd325:1] NF removed (../lib/sbi/nnrf-handler.c:750)
10/14 06:54:34.587: [sbi] INFO: [5a3d5d54-6a6b-41ee-9e88-dd8ab08dd325] (NRF-notify) NF registered (../lib/sbi/nnrf-handler.c:725)
10/14 06:54:34.593: [sbi] INFO: [5a3d5d54-6a6b-41ee-9e88-dd8ab08dd325] (NRF-notify) NF Profile updated (../lib/sbi/nnrf-handler.c:735)
10/14 06:54:34.593: [sbi] INFO: [c8387dac-6a6b-41ee-b53d-afe192bffb57:1] NF removed (../lib/sbi/nnrf-handler.c:750)
10/14 06:54:34.593: [sbi] INFO: [c8387dac-6a6b-41ee-b53d-afe192bffb57] (NRF-notify) NF registered (../lib/sbi/nnrf-handler.c:725)
10/14 06:54:34.593: [sbi] INFO: [c8387dac-6a6b-41ee-b53d-afe192bffb57] (NRF-notify) NF Profile updated (../lib/sbi/nnrf-handler.c:735)
10/14 06:54:34.706: [sbi] WARNING: [5d3383bc-6a6b-41ee-ba00-0d29d0706113] (NRF-notify) Not found (../lib/sbi/nnrf-handler.c:756)
10/14 06:54:34.714: [sbi] INFO: [5d3383bc-6a6b-41ee-ba00-0d29d0706113] (NRF-notify) NF registered (../lib/sbi/nnrf-handler.c:725)
10/14 06:54:34.714: [sbi] INFO: [5d3383bc-6a6b-41ee-ba00-0d29d0706113] (NRF-notify) NF Profile updated (../lib/sbi/nnrf-handler.c:735)
